/home/hshastri_umass_edu/.conda/envs/fmtk/lib/python3.10/site-packages/torch/cuda/__init__.py:63: FutureWarning: The pynvml package is deprecated. Please install nvidia-ml-py instead. If you did not install pynvml directly, please report this to the maintainers of the package that installed pynvml for you.
  import pynvml  # type: ignore[import]
/home/hshastri_umass_edu/.conda/envs/fmtk/lib/python3.10/site-packages/numpy/core/getlimits.py:500: UserWarning: The value of the smallest subnormal for <class 'numpy.float64'> type is zero.
  setattr(self, word, getattr(machar, word).flat[0])
/home/hshastri_umass_edu/.conda/envs/fmtk/lib/python3.10/site-packages/numpy/core/getlimits.py:89: UserWarning: The value of the smallest subnormal for <class 'numpy.float64'> type is zero.
  return self._float_to_str(self.smallest_subnormal)
/home/hshastri_umass_edu/.conda/envs/fmtk/lib/python3.10/site-packages/numpy/core/getlimits.py:500: UserWarning: The value of the smallest subnormal for <class 'numpy.float32'> type is zero.
  setattr(self, word, getattr(machar, word).flat[0])
/home/hshastri_umass_edu/.conda/envs/fmtk/lib/python3.10/site-packages/numpy/core/getlimits.py:89: UserWarning: The value of the smallest subnormal for <class 'numpy.float32'> type is zero.
  return self._float_to_str(self.smallest_subnormal)
I0208 20:11:07.850545 4002230 pinned_memory_manager.cc:277] "Pinned memory pool is created at '0x72bad6000000' with size 268435456"
I0208 20:11:07.874970 4002230 cuda_memory_manager.cc:107] "CUDA memory pool is created on device 0 with size 67108864"
I0208 20:11:07.900176 4002230 server.cc:604] 
+------------------+------+
| Repository Agent | Path |
+------------------+------+
+------------------+------+

I0208 20:11:07.900194 4002230 server.cc:631] 
+---------+------+--------+
| Backend | Path | Config |
+---------+------+--------+
+---------+------+--------+

I0208 20:11:07.900203 4002230 server.cc:674] 
+-------+---------+--------+
| Model | Version | Status |
+-------+---------+--------+
+-------+---------+--------+

I0208 20:11:07.986963 4002230 metrics.cc:877] "Collecting metrics for GPU 0: NVIDIA L40S"
I0208 20:11:08.012535 4002230 metrics.cc:770] "Collecting CPU metrics"
I0208 20:11:08.012613 4002230 tritonserver.cc:2598] 
+----------------------------------+------------------------------------------+
| Option                           | Value                                    |
+----------------------------------+------------------------------------------+
| server_id                        | triton                                   |
| server_version                   | 2.51.0                                   |
| server_extensions                | classification sequence model_repository |
|                                  |  model_repository(unload_dependents) sch |
|                                  | edule_policy model_configuration system_ |
|                                  | shared_memory cuda_shared_memory binary_ |
|                                  | tensor_data parameters statistics trace  |
|                                  | logging                                  |
| model_repository_path[0]         | /home/hshastri_umass_edu/.cache/pytriton |
|                                  | /workspace_wrc22jw2/model-store          |
| model_control_mode               | MODE_EXPLICIT                            |
| startup_models_0                 | *                                        |
| strict_model_config              | 0                                        |
| model_config_name                |                                          |
| rate_limit                       | OFF                                      |
| pinned_memory_pool_byte_size     | 268435456                                |
| cuda_memory_pool_byte_size{0}    | 67108864                                 |
| min_supported_compute_capability | 6.0                                      |
| strict_readiness                 | 1                                        |
| exit_timeout                     | 30                                       |
| cache_enabled                    | 0                                        |
+----------------------------------+------------------------------------------+

I0208 20:11:08.098307 4002230 grpc_server.cc:2558] "Started GRPCInferenceService at 0.0.0.0:8040"
I0208 20:11:08.098486 4002230 http_server.cc:4713] "Started HTTPService at 0.0.0.0:8041"
I0208 20:11:08.142583 4002230 http_server.cc:362] "Started Metrics Service at 0.0.0.0:8042"
E0208 20:11:08.908649 4002230 model_repository_manager.cc:470] "Failed to set config modification time: model_config_content_name_ is empty"
I0208 20:11:08.908788 4002230 model_lifecycle.cc:472] "loading: edge_infer:1"
I0208 20:11:11.108628 4002230 python_be.cc:2249] "TRITONBACKEND_ModelInstanceInitialize: edge_infer_0_0 (CPU device 0)"
I0208 20:11:12.603753 4002230 model_lifecycle.cc:839] "successfully loaded 'edge_infer'"
E0208 20:11:12.637369 4002230 model_repository_manager.cc:470] "Failed to set config modification time: model_config_content_name_ is empty"
I0208 20:11:12.637504 4002230 model_lifecycle.cc:472] "loading: edge_control:1"
I0208 20:11:14.761047 4002230 python_be.cc:2249] "TRITONBACKEND_ModelInstanceInitialize: edge_control_0_0 (CPU device 0)"
I0208 20:11:16.323456 4002230 model_lifecycle.cc:839] "successfully loaded 'edge_control'"
[System] PyTriton Server running on port
[System] Loading backbone: chronostiny
[ModelLoader] Loading backbone: chronostiny
/home/hshastri_umass_edu/.conda/envs/fmtk/lib/python3.10/site-packages/transformers/utils/generic.py:311: FutureWarning: `torch.utils._pytree._register_pytree_node` is deprecated. Please use `torch.utils._pytree.register_pytree_node` instead.
  torch.utils._pytree._register_pytree_node(
[Chronos] Loading amazon/chronos-t5-tiny on device cuda
/home/hshastri_umass_edu/.conda/envs/fmtk/lib/python3.10/site-packages/huggingface_hub/file_download.py:942: FutureWarning: `resume_download` is deprecated and will be removed in version 1.0.0. Downloads always resume when possible. If you want to force a new download, use `force_download=True`.
  warnings.warn(
/home/hshastri_umass_edu/.conda/envs/fmtk/lib/python3.10/site-packages/huggingface_hub/file_download.py:942: FutureWarning: `resume_download` is deprecated and will be removed in version 1.0.0. Downloads always resume when possible. If you want to force a new download, use `force_download=True`.
  warnings.warn(
[ModelLoader] Loading decoder: diasbp (regression) from diasbp_chronostiny_mlp
[ModelLoader] Loaded ChronosModel with 1 decoders.
inference request received
[ModelLoader] Retrieving loaded models. Loaded status: True
inference request received
inference request received
inference request received
inference request received
inference request received
inference request received
inference request received
inference request received
inference request received
inference request received
inference request received
inference request received
inference request received
inference request received
inference request received
inference request received
inference request received
inference request received
inference request received
inference request received
inference request received
inference request received
inference request received
inference request received
inference request received
inference request received
inference request received
inference request received
inference request received
inference request received
inference request received
inference request received
inference request received
inference request received
inference request received
inference request received
inference request received
inference request received
inference request received
inference request received
inference request received
inference request received
inference request received
inference request received
inference request received
inference request received
inference request received
inference request received
inference request received
inference request received
inference request received
inference request received
inference request received
inference request received
inference request received
inference request received
inference request received
inference request received
inference request received
inference request received
inference request received
inference request received
inference request received
inference request received
inference request received
inference request received
inference request received
inference request received
inference request received
inference request received
inference request received
inference request received
inference request received
inference request received
inference request received
inference request received
inference request received
inference request received
inference request received
inference request received
inference request received
inference request received
inference request received
inference request received
inference request received
inference request received
inference request received
inference request received
inference request received
inference request received
inference request received
inference request received
inference request received
inference request received
inference request received
inference request received
inference request received
inference request received
inference request received
inference request received
inference request received
inference request received
inference request received
inference request received
inference request received
inference request received
inference request received
inference request received
inference request received
inference request received
inference request received
inference request received
inference request received
inference request received
inference request received
inference request received
inference request received
inference request received
inference request received
inference request received
inference request received
inference request received
inference request received
inference request received
inference request received
inference request received
inference request received
inference request received
inference request received
inference request received
inference request received
inference request received
inference request received
inference request received
inference request received
inference request received
inference request received
inference request received
inference request received
inference request received
inference request received
inference request received
inference request received
inference request received
inference request received
inference request received
inference request received
inference request received
inference request received
inference request received
inference request received
inference request received
inference request received
inference request received
inference request received
inference request received
inference request received
inference request received
inference request received
inference request received
inference request received
inference request received
inference request received
inference request received
inference request received
inference request received
inference request received
inference request received
inference request received
inference request received
inference request received
inference request received
inference request received
inference request received
inference request received
inference request received
inference request received
inference request received
inference request received
inference request received
inference request received
inference request received
inference request received
inference request received
inference request received
inference request received
inference request received
inference request received
inference request received
inference request received
inference request received
inference request received
inference request received
inference request received
inference request received
inference request received
inference request received
inference request received
inference request received
inference request received
inference request received
inference request received
inference request received
inference request received
inference request received
inference request received
inference request received
inference request received
inference request received
inference request received
inference request received
inference request received
inference request received
inference request received
inference request received
inference request received
inference request received
inference request received
inference request received
inference request received
inference request received
inference request received
inference request received
inference request received
inference request received
inference request received
inference request received
inference request received
inference request received
inference request received
inference request received
inference request received
inference request received
inference request received
inference request received
inference request received
inference request received
inference request received
inference request received
inference request received
inference request received
inference request received
inference request received
inference request received
inference request received
inference request received
inference request received
inference request received
inference request received
inference request received
inference request received
inference request received
inference request received
inference request received
inference request received
inference request received
inference request received
inference request received
inference request received
inference request received
inference request received
inference request received
inference request received
inference request received
inference request received
inference request received
inference request received
inference request received
inference request received
inference request received
inference request received
inference request received
inference request received
inference request received
inference request received
inference request received
inference request received
inference request received
inference request received
inference request received
inference request received
inference request received
inference request received
inference request received
inference request received
inference request received
inference request received
inference request received
inference request received
inference request received
inference request received
inference request received
inference request received
inference request received
inference request received
inference request received
inference request received
inference request received
inference request received
inference request received
inference request received
inference request received
inference request received
inference request received
inference request received
inference request received
inference request received
inference request received
inference request received
inference request received
inference request received
inference request received
inference request received
inference request received
inference request received
inference request received
inference request received
inference request received
inference request received
inference request received
inference request received
inference request received
inference request received
inference request received
inference request received
inference request received
inference request received
inference request received
inference request received
inference request received
inference request received
inference request received
inference request received
inference request received
inference request received
inference request received
inference request received
inference request received
inference request received
inference request received
inference request received
inference request received
inference request received
inference request received
inference request received
inference request received
inference request received
inference request received
inference request received
inference request received
inference request received
inference request received
inference request received
inference request received
inference request received
inference request received
inference request received
inference request received
inference request received
inference request received
inference request received
inference request received
inference request received
inference request received
inference request received
inference request received
inference request received
inference request received
inference request received
inference request received
inference request received
inference request received
inference request received
inference request received
inference request received
inference request received
inference request received
inference request received
inference request received
inference request received
inference request received
inference request received
inference request received
inference request received
inference request received
inference request received
inference request received
inference request received
inference request received
inference request received
inference request received
inference request received
inference request received
inference request received
inference request received
inference request received
inference request received
inference request received
inference request received
inference request received
inference request received
inference request received
inference request received
inference request received
inference request received
inference request received
inference request received
inference request received
inference request received
inference request received
inference request received
inference request received
inference request received
inference request received
inference request received
inference request received
inference request received
inference request received
inference request received
inference request received
inference request received
inference request received
inference request received
inference request received
inference request received
inference request received
inference request received
inference request received
inference request received
inference request received
inference request received
inference request received
inference request received
inference request received
inference request received
inference request received
inference request received
inference request received
inference request received
inference request received
inference request received
inference request received
inference request received
inference request received
inference request received
inference request received
inference request received
inference request received
inference request received
inference request received
inference request received
inference request received
inference request received
inference request received
inference request received
inference request received
inference request received
inference request received
inference request received
inference request received
inference request received
inference request received
inference request received
inference request received
inference request received
inference request received
inference request received
inference request received
inference request received
inference request received
inference request received
inference request received
inference request received
inference request received
inference request received
inference request received
inference request received
inference request received
inference request received
inference request received
inference request received
inference request received
inference request received
inference request received
inference request received
inference request received
inference request received
inference request received
inference request received
inference request received
inference request received
inference request received
inference request received
inference request received
inference request received
inference request received
inference request received
inference request received
inference request received
inference request received
inference request received
inference request received
inference request received
inference request received
inference request received
inference request received
inference request received
inference request received
inference request received
inference request received
inference request received
inference request received
inference request received
inference request received
inference request received
inference request received
inference request received
inference request received
inference request received
inference request received
inference request received
inference request received
inference request received
inference request received
inference request received
inference request received
inference request received
inference request received
inference request received
inference request received
inference request received
inference request received
inference request received
inference request received
inference request received
inference request received
inference request received
inference request received
inference request received
inference request received
inference request received
inference request received
inference request received
inference request received
inference request received
inference request received
inference request received
inference request received
inference request received
inference request received
inference request received
inference request received
inference request received
inference request received
inference request received
inference request received
inference request received
inference request received
inference request received
inference request received
inference request received
inference request received
inference request received
inference request received
inference request received
inference request received
inference request received
inference request received
inference request received
inference request received
inference request received
inference request received
inference request received
inference request received
inference request received
inference request received
inference request received
inference request received
inference request received
inference request received
inference request received
inference request received
inference request received
inference request received
inference request received
inference request received
inference request received
inference request received
inference request received
inference request received
inference request received
inference request received
inference request received
inference request received
inference request received
inference request received
inference request received
inference request received
inference request received
inference request received
inference request received
inference request received
inference request received
inference request received
inference request received
inference request received
inference request received
inference request received
inference request received
inference request received
inference request received
inference request received
inference request received
inference request received
inference request received
inference request received
inference request received
inference request received
inference request received
inference request received
inference request received
inference request received
inference request received
inference request received
inference request received
inference request received
inference request received
inference request received
inference request received
inference request received
inference request received
inference request received
inference request received
inference request received
inference request received
inference request received
inference request received
inference request received
inference request received
inference request received
inference request received
inference request received
inference request received
inference request received
inference request received
inference request received
inference request received
inference request received
inference request received
inference request received
inference request received
inference request received
inference request received
inference request received
inference request received
inference request received
inference request received
inference request received
inference request received
inference request received
inference request received
inference request received
inference request received
inference request received
inference request received
inference request received
inference request received
inference request received
inference request received
inference request received
inference request received
inference request received
inference request received
inference request received
inference request received
inference request received
inference request received
inference request received
inference request received
inference request received
inference request received
inference request received
inference request received
inference request received
inference request received
inference request received
inference request received
inference request received
inference request received
inference request received
inference request received
inference request received
inference request received
inference request received
inference request received
inference request received
inference request received
inference request received
inference request received
inference request received
inference request received
inference request received
inference request received
inference request received
inference request received
inference request received
inference request received
inference request received
inference request received
inference request received
inference request received
inference request received
inference request received
inference request received
inference request received
inference request received
inference request received
inference request received
inference request received
inference request received
inference request received
inference request received
inference request received
inference request received
inference request received
inference request received
inference request received
inference request received
inference request received
inference request received
inference request received
inference request received
inference request received
inference request received
inference request received
inference request received
inference request received
inference request received
inference request received
inference request received
inference request received
inference request received
inference request received
inference request received
inference request received
inference request received
inference request received
inference request received
inference request received
inference request received
inference request received
inference request received
inference request received
inference request received
inference request received
inference request received
inference request received
inference request received
inference request received
inference request received
inference request received
inference request received
inference request received
inference request received
inference request received
inference request received
inference request received
inference request received
inference request received
inference request received
inference request received
inference request received
inference request received
inference request received
inference request received
inference request received
inference request received
inference request received
inference request received
inference request received
inference request received
inference request received
inference request received
inference request received
inference request received
inference request received
inference request received
inference request received
inference request received
inference request received
inference request received
inference request received
inference request received
inference request received
inference request received
inference request received
inference request received
inference request received
inference request received
inference request received
inference request received
inference request received
inference request received
inference request received
inference request received
inference request received
inference request received
inference request received
inference request received
inference request received
inference request received
inference request received
inference request received
inference request received
inference request received
inference request received
inference request received
inference request received
inference request received
inference request received
inference request received
inference request received
inference request received
inference request received
inference request received
inference request received
inference request received
inference request received
inference request received
inference request received
inference request received
inference request received
inference request received
inference request received
inference request received
inference request received
inference request received
inference request received
inference request received
inference request received
inference request received
inference request received
inference request received
inference request received
inference request received
inference request received
inference request received
inference request received
inference request received
inference request received
inference request received
inference request received
inference request received
inference request received
inference request received
inference request received
inference request received
inference request received
inference request received
inference request received
inference request received
inference request received
inference request received
inference request received
inference request received
inference request received
inference request received
inference request received
inference request received
inference request received
inference request received
inference request received
inference request received
inference request received
inference request received
inference request received
inference request received
inference request received
inference request received
inference request received
inference request received
inference request received
inference request received
inference request received
inference request received
inference request received
inference request received
inference request received
inference request received
inference request received
inference request received
inference request received
inference request received
inference request received
inference request received
inference request received
inference request received
inference request received
inference request received
inference request received
inference request received
inference request received
inference request received
inference request received
inference request received
inference request received
inference request received
inference request received
inference request received
inference request received
inference request received
inference request received
inference request received
inference request received
inference request received
inference request received
inference request received
inference request received
inference request received
inference request received
inference request received
inference request received
inference request received
inference request received
inference request received
inference request received
inference request received
inference request received
inference request received
inference request received
inference request received
inference request received
inference request received
inference request received
inference request received
inference request received
inference request received
inference request received
inference request received
inference request received
inference request received
inference request received
inference request received
inference request received
inference request received
inference request received
inference request received
inference request received
inference request received
inference request received
inference request received
inference request received
inference request received
inference request received
inference request received
inference request received
inference request received
inference request received
inference request received
inference request received
inference request received
inference request received
inference request received
inference request received
inference request received
inference request received
inference request received
inference request received
inference request received
inference request received
inference request received
inference request received
inference request received
inference request received
inference request received
inference request received
inference request received
inference request received
inference request received
inference request received
inference request received
inference request received
inference request received
inference request received
inference request received
inference request received
inference request received
inference request received
inference request received
inference request received
inference request received
inference request received
inference request received
inference request received
inference request received
inference request received
inference request received
inference request received
inference request received
inference request received
inference request received
inference request received
inference request received
inference request received
inference request received
inference request received
inference request received
inference request received
inference request received
inference request received
inference request received
inference request received
inference request received
inference request received
inference request received
inference request received
inference request received
inference request received
inference request received
inference request received
inference request received
inference request received
inference request received
inference request received
inference request received
inference request received
inference request received
inference request received
inference request received
inference request received
inference request received
inference request received
inference request received
inference request received
inference request received
inference request received
inference request received
inference request received
inference request received
inference request received
inference request received
inference request received
inference request received
inference request received
inference request received
inference request received
inference request received
inference request received
inference request received
inference request received
inference request received
inference request received
inference request received
inference request received
inference request received
inference request received
inference request received
inference request received
inference request received
inference request received
inference request received
inference request received
inference request received
inference request received
inference request received
inference request received
inference request received
inference request received
inference request received
inference request received
inference request received
inference request received
inference request received
inference request received
inference request received
inference request received
inference request received
inference request received
inference request received
inference request received
inference request received
inference request received
inference request received
inference request received
inference request received
inference request received
inference request received
inference request received
inference request received
inference request received
inference request received
inference request received
inference request received
inference request received
inference request received
inference request received
inference request received
inference request received
inference request received
inference request received
inference request received
inference request received
inference request received
inference request received
inference request received
inference request received
inference request received
inference request received
inference request received
inference request received
inference request received
inference request received
inference request received
inference request received
inference request received
inference request received
inference request received
inference request received
inference request received
inference request received
inference request received
inference request received
inference request received
inference request received
inference request received
inference request received
inference request received
inference request received
inference request received
inference request received
inference request received
inference request received
inference request received
inference request received
inference request received
inference request received
inference request received
inference request received
inference request received
inference request received
inference request received
inference request received
inference request received
inference request received
inference request received
inference request received
inference request received
inference request received
inference request received
inference request received
inference request received
inference request received
inference request received
inference request received
inference request received
inference request received
inference request received
inference request received
inference request received
inference request received
inference request received
inference request received
inference request received
inference request received
inference request received
inference request received
inference request received
inference request received
inference request received
inference request received
inference request received
inference request received
inference request received
inference request received
inference request received
inference request received
inference request received
inference request received
inference request received
inference request received
inference request received
inference request received
inference request received
inference request received
inference request received
inference request received
inference request received
inference request received
inference request received
inference request received
inference request received
inference request received
inference request received
inference request received
inference request received
inference request received
inference request received
inference request received
inference request received
inference request received
inference request received
inference request received
inference request received
inference request received
inference request received
inference request received
inference request received
inference request received
inference request received
inference request received
inference request received
inference request received
inference request received
inference request received
inference request received
inference request received
inference request received
inference request received
inference request received
inference request received
inference request received
inference request received
inference request received
inference request received
inference request received
inference request received
inference request received
inference request received
inference request received
inference request received
inference request received
inference request received
inference request received
inference request received
inference request received
inference request received
inference request received
inference request received
inference request received
inference request received
inference request received
inference request received
inference request received
inference request received
inference request received
inference request received
inference request received
inference request received
inference request received
inference request received
inference request received
inference request received
inference request received
inference request received
inference request received
inference request received
inference request received
inference request received
inference request received
inference request received
inference request received
inference request received
inference request received
inference request received
inference request received
inference request received
inference request received
inference request received
inference request received
inference request received
inference request received
inference request received
inference request received
inference request received
inference request received
inference request received
inference request received
inference request received
inference request received
inference request received
inference request received
inference request received
inference request received
inference request received
inference request received
inference request received
inference request received
inference request received
inference request received
inference request received
inference request received
inference request received
inference request received
inference request received
inference request received
inference request received
inference request received
inference request received
inference request received
inference request received
inference request received
inference request received
inference request received
inference request received
inference request received
inference request received
inference request received
inference request received
inference request received
inference request received
inference request received
inference request received
inference request received
inference request received
inference request received
inference request received
inference request received
inference request received
inference request received
inference request received
inference request received
inference request received
inference request received
inference request received
inference request received
inference request received
inference request received
inference request received
inference request received
inference request received
inference request received
inference request received
inference request received
inference request received
inference request received
inference request received
inference request received
inference request received
inference request received
inference request received
inference request received
inference request received
inference request received
inference request received
inference request received
inference request received
inference request received
inference request received
inference request received
inference request received
inference request received
inference request received
inference request received
inference request received
inference request received
inference request received
inference request received
inference request received
inference request received
inference request received
inference request received
inference request received
inference request received
inference request received
inference request received
inference request received
inference request received
inference request received
inference request received
inference request received
inference request received
inference request received
inference request received
inference request received
inference request received
inference request received
inference request received
inference request received
inference request received
inference request received
inference request received
inference request received
inference request received
inference request received
inference request received
inference request received
inference request received
inference request received
inference request received
inference request received
inference request received
inference request received
inference request received
inference request received
inference request received
inference request received
inference request received
inference request received
inference request received
inference request received
inference request received
inference request received
inference request received
inference request received
inference request received
inference request received
inference request received
inference request received
inference request received
inference request received
inference request received
inference request received
inference request received
inference request received
inference request received
inference request received
inference request received
inference request received
inference request received
inference request received
inference request received
inference request received
inference request received
inference request received
inference request received
inference request received
inference request received
inference request received
inference request received
inference request received
inference request received
inference request received
inference request received
inference request received
inference request received
inference request received
inference request received
inference request received
inference request received
inference request received
inference request received
inference request received
inference request received
inference request received
inference request received
inference request received
inference request received
inference request received
inference request received
inference request received
inference request received
inference request received
inference request received
inference request received
inference request received
inference request received
inference request received
inference request received
inference request received
inference request received
inference request received
inference request received
inference request received
inference request received
inference request received
inference request received
inference request received
inference request received
inference request received
inference request received
inference request received
inference request received
inference request received
inference request received
inference request received
inference request received
inference request received
inference request received
inference request received
inference request received
inference request received
inference request received
inference request received
inference request received
inference request received
inference request received
inference request received
inference request received
inference request received
inference request received
inference request received
inference request received
inference request received
inference request received
inference request received
inference request received
inference request received
inference request received
inference request received
inference request received
inference request received
inference request received
inference request received
inference request received
inference request received
inference request received
inference request received
inference request received
inference request received
inference request received
inference request received
inference request received
inference request received
inference request received
inference request received
inference request received
inference request received
inference request received
inference request received
inference request received
inference request received
inference request received
inference request received
inference request received
inference request received
inference request received
inference request received
inference request received
inference request received
inference request received
inference request received
inference request received
inference request received
inference request received
inference request received
inference request received
/home/hshastri_umass_edu/.conda/envs/fmtk/lib/python3.10/multiprocessing/resource_tracker.py:224: UserWarning: resource_tracker: There appear to be 1 leaked shared_memory objects to clean up at shutdown
  warnings.warn('resource_tracker: There appear to be %d '
/home/hshastri_umass_edu/.conda/envs/fmtk/lib/python3.10/multiprocessing/resource_tracker.py:224: UserWarning: resource_tracker: There appear to be 2 leaked shared_memory objects to clean up at shutdown
  warnings.warn('resource_tracker: There appear to be %d '
Triton Inference Server exited with failure. Please wait.
