/home/hshastri_umass_edu/.conda/envs/fmtk/lib/python3.10/site-packages/torch/cuda/__init__.py:63: FutureWarning: The pynvml package is deprecated. Please install nvidia-ml-py instead. If you did not install pynvml directly, please report this to the maintainers of the package that installed pynvml for you.
  import pynvml  # type: ignore[import]
/home/hshastri_umass_edu/.conda/envs/fmtk/lib/python3.10/site-packages/numpy/core/getlimits.py:500: UserWarning: The value of the smallest subnormal for <class 'numpy.float64'> type is zero.
  setattr(self, word, getattr(machar, word).flat[0])
/home/hshastri_umass_edu/.conda/envs/fmtk/lib/python3.10/site-packages/numpy/core/getlimits.py:89: UserWarning: The value of the smallest subnormal for <class 'numpy.float64'> type is zero.
  return self._float_to_str(self.smallest_subnormal)
/home/hshastri_umass_edu/.conda/envs/fmtk/lib/python3.10/site-packages/numpy/core/getlimits.py:500: UserWarning: The value of the smallest subnormal for <class 'numpy.float32'> type is zero.
  setattr(self, word, getattr(machar, word).flat[0])
/home/hshastri_umass_edu/.conda/envs/fmtk/lib/python3.10/site-packages/numpy/core/getlimits.py:89: UserWarning: The value of the smallest subnormal for <class 'numpy.float32'> type is zero.
  return self._float_to_str(self.smallest_subnormal)
I0212 22:38:56.873017 41611 pinned_memory_manager.cc:277] "Pinned memory pool is created at '0x761c86000000' with size 268435456"
I0212 22:38:56.884481 41611 cuda_memory_manager.cc:107] "CUDA memory pool is created on device 0 with size 67108864"
I0212 22:38:56.899792 41611 server.cc:604] 
+------------------+------+
| Repository Agent | Path |
+------------------+------+
+------------------+------+

I0212 22:38:56.899814 41611 server.cc:631] 
+---------+------+--------+
| Backend | Path | Config |
+---------+------+--------+
+---------+------+--------+

I0212 22:38:56.899824 41611 server.cc:674] 
+-------+---------+--------+
| Model | Version | Status |
+-------+---------+--------+
+-------+---------+--------+

I0212 22:38:56.961131 41611 metrics.cc:877] "Collecting metrics for GPU 0: NVIDIA L40S"
I0212 22:38:56.981683 41611 metrics.cc:770] "Collecting CPU metrics"
I0212 22:38:56.981753 41611 tritonserver.cc:2598] 
+----------------------------------+------------------------------------------+
| Option                           | Value                                    |
+----------------------------------+------------------------------------------+
| server_id                        | triton                                   |
| server_version                   | 2.51.0                                   |
| server_extensions                | classification sequence model_repository |
|                                  |  model_repository(unload_dependents) sch |
|                                  | edule_policy model_configuration system_ |
|                                  | shared_memory cuda_shared_memory binary_ |
|                                  | tensor_data parameters statistics trace  |
|                                  | logging                                  |
| model_repository_path[0]         | /home/hshastri_umass_edu/.cache/pytriton |
|                                  | /workspace_tdlt1be7/model-store          |
| model_control_mode               | MODE_EXPLICIT                            |
| startup_models_0                 | *                                        |
| strict_model_config              | 0                                        |
| model_config_name                |                                          |
| rate_limit                       | OFF                                      |
| pinned_memory_pool_byte_size     | 268435456                                |
| cuda_memory_pool_byte_size{0}    | 67108864                                 |
| min_supported_compute_capability | 6.0                                      |
| strict_readiness                 | 1                                        |
| exit_timeout                     | 30                                       |
| cache_enabled                    | 0                                        |
+----------------------------------+------------------------------------------+

I0212 22:38:57.048106 41611 grpc_server.cc:2558] "Started GRPCInferenceService at 0.0.0.0:8030"
I0212 22:38:57.048292 41611 http_server.cc:4713] "Started HTTPService at 0.0.0.0:8031"
I0212 22:38:57.091539 41611 http_server.cc:362] "Started Metrics Service at 0.0.0.0:8032"
E0212 22:38:57.287625 41611 model_repository_manager.cc:470] "Failed to set config modification time: model_config_content_name_ is empty"
I0212 22:38:57.287768 41611 model_lifecycle.cc:472] "loading: edge_infer:1"
I0212 22:38:59.048347 41611 python_be.cc:2249] "TRITONBACKEND_ModelInstanceInitialize: edge_infer_0_0 (CPU device 0)"
I0212 22:38:59.912014 41611 model_lifecycle.cc:839] "successfully loaded 'edge_infer'"
E0212 22:38:59.969870 41611 model_repository_manager.cc:470] "Failed to set config modification time: model_config_content_name_ is empty"
I0212 22:38:59.970000 41611 model_lifecycle.cc:472] "loading: edge_control:1"
I0212 22:39:01.692781 41611 python_be.cc:2249] "TRITONBACKEND_ModelInstanceInitialize: edge_control_0_0 (CPU device 0)"
I0212 22:39:02.537892 41611 model_lifecycle.cc:839] "successfully loaded 'edge_control'"
[System] PyTriton Server running on port
[System] Loading backbone: papageissvri
[ModelLoader] Loading backbone: papageissvri
[ModelLoader] Loading decoder: heartrate (regression) from heartrate_papageissvri_mlp
[ModelLoader] Loaded PapageiModel with 1 decoders.
[ModelLoader] Retrieving loaded models. Loaded status: True
/home/hshastri_umass_edu/.conda/envs/fmtk/lib/python3.10/multiprocessing/resource_tracker.py:224: UserWarning: resource_tracker: There appear to be 24 leaked shared_memory objects to clean up at shutdown
  warnings.warn('resource_tracker: There appear to be %d '
/home/hshastri_umass_edu/.conda/envs/fmtk/lib/python3.10/multiprocessing/resource_tracker.py:224: UserWarning: resource_tracker: There appear to be 1 leaked shared_memory objects to clean up at shutdown
  warnings.warn('resource_tracker: There appear to be %d '
Triton Inference Server exited with failure. Please wait.
/home/hshastri_umass_edu/.conda/envs/fmtk/lib/python3.10/tempfile.py:869: ResourceWarning: Implicitly cleaning up <TemporaryDirectory '/home/hshastri_umass_edu/.cache/pytriton/workspace_tdlt1be7'>
  _warnings.warn(warn_message, ResourceWarning)
