/home/hshastri_umass_edu/.conda/envs/fmtk/lib/python3.10/site-packages/torch/cuda/__init__.py:63: FutureWarning: The pynvml package is deprecated. Please install nvidia-ml-py instead. If you did not install pynvml directly, please report this to the maintainers of the package that installed pynvml for you.
  import pynvml  # type: ignore[import]
/home/hshastri_umass_edu/.conda/envs/fmtk/lib/python3.10/site-packages/torchvision/transforms/_functional_pil.py:245: DeprecationWarning: BILINEAR is deprecated and will be removed in Pillow 10 (2023-07-01). Use Resampling.BILINEAR instead.
  interpolation: int = Image.BILINEAR,
/home/hshastri_umass_edu/.conda/envs/fmtk/lib/python3.10/site-packages/torchvision/transforms/_functional_pil.py:291: DeprecationWarning: NEAREST is deprecated and will be removed in Pillow 10 (2023-07-01). Use Resampling.NEAREST or Dither.NONE instead.
  interpolation: int = Image.NEAREST,
/home/hshastri_umass_edu/.conda/envs/fmtk/lib/python3.10/site-packages/torchvision/transforms/_functional_pil.py:307: DeprecationWarning: NEAREST is deprecated and will be removed in Pillow 10 (2023-07-01). Use Resampling.NEAREST or Dither.NONE instead.
  interpolation: int = Image.NEAREST,
/home/hshastri_umass_edu/.conda/envs/fmtk/lib/python3.10/site-packages/torchvision/transforms/_functional_pil.py:324: DeprecationWarning: BICUBIC is deprecated and will be removed in Pillow 10 (2023-07-01). Use Resampling.BICUBIC instead.
  interpolation: int = Image.BICUBIC,
/project/pi_shenoy_umass_edu/hshastri/FMaaS-motivation/serving/site_manager/main.py:335: DeprecationWarning: Callback API version 1 is deprecated, update to latest version
  client = mqtt.Client(client_id=client_id, transport="websockets",clean_session=True)
[MQTT] Site site2 connected to broker
[RuntimeExecutor] Initialized 2 dataloaders.
[SiteManager] site2 ready. Entering MQTT loop
[MQTT] Received deployment plan for site2
[RuntimeBuffer] State cleared for new experiment.
[RuntimeBuffer] Stored 1 deployments, output_dir=/project/pi_shenoy_umass_edu/hshastri/FMaaS-motivation/serving/experiments/runtime/results/clipper-ha/10
[SiteManager] output_dir = /project/pi_shenoy_umass_edu/hshastri/FMaaS-motivation/serving/experiments/runtime/results/clipper-ha/10
10.100.20.53 8000 10.100.20.53:8001
[SSH] Launching on 10.100.20.53: bash -lc 'cd /project/pi_shenoy_umass_edu/hshastri/FMaaS-motivation/serving && module load conda/latest && export PYTHONPATH=/project/pi_shenoy_umass_edu/hshastri/FMTK/src:/project/pi_shenoy_umass_edu/hshastri/FMaaS-motivation:$PYTHONPATH && conda activate fmtk && export LD_LIBRARY_PATH=$LD_LIBRARY_PATH:$CONDA_PREFIX/lib && nohup python -u device/main.py --port 8000 > ./device/logs/10.100.20.53_momentbase.log 2>&1 &'
[SSH] 10.100.20.53: detached.
[SiteManager] Connected to control plane at 10.100.20.53:8001
[PyTriton] 10.100.20.53:8001 Status: loaded_momentbase
[SiteManager] Deployment complete for 1 devices.
[SiteManager] Saved deployment results to /project/pi_shenoy_umass_edu/hshastri/FMaaS-motivation/serving/experiments/runtime/results/clipper-ha/10/model_deployment_results.json
[MQTT] Sent deploytime ACK for site2
[MQTT] Received request chunk for site2
[RuntimeBuffer] Stored 600 runtime requests
[MQTT] Start signal received for site2
[SiteManager] Starting continuous inference mode, output_dir=/project/pi_shenoy_umass_edu/hshastri/FMaaS-motivation/serving/experiments/runtime/results/clipper-ha/10
[MQTT] Started continuous inference in background thread (non-blocking)[RuntimeExecutor] Starting continuous inference mode (start_time=1771442376.06)...

[RuntimeBuffer] Retrieved 600 new request(s) (total=600)
[RuntimeExecutor] Received 600 new request(s) at t=0.0s (poll #1)
[RuntimeExecutor] New requests span t=0.0s to t=60.0s
[RuntimeExecutor] Pending queue now has 600 requests
[RuntimeExecutor] Sent 2 requests, next in 0.03s (at t=0.2s)
Connected to gRPC server at 10.100.20.53:8000
Connected to gRPC server at 10.100.20.53:8000
[RuntimeExecutor] Sent 1 requests, next in 0.10s (at t=0.3s)
[RuntimeExecutor] Sent 1 requests, next in 0.10s (at t=0.4s)
[RuntimeExecutor] Sent 1 requests, next in 0.10s (at t=0.5s)
[RuntimeExecutor] Sent 1 requests, next in 0.10s (at t=0.6s)
[RuntimeExecutor] Sent 1 requests, next in 0.10s (at t=0.7s)
[RuntimeExecutor] Sent 1 requests, next in 0.10s (at t=0.8s)
[RuntimeExecutor] Sent 1 requests, next in 0.10s (at t=0.9s)
[RuntimeExecutor] Sent 1 requests, next in 0.10s (at t=1.0s)
[RuntimeExecutor] Sent 1 requests, next in 0.10s (at t=1.1s)
[RuntimeExecutor] Sent 1 requests, next in 0.10s (at t=1.2s)
[RuntimeExecutor] Sent 1 requests, next in 0.10s (at t=1.3s)
[RuntimeExecutor] Sent 1 requests, next in 0.10s (at t=1.4s)
[RuntimeExecutor] Sent 1 requests, next in 0.10s (at t=1.5s)
[RuntimeExecutor] Sent 1 requests, next in 0.10s (at t=1.6s)
[RuntimeExecutor] Sent 1 requests, next in 0.10s (at t=1.7s)
[RuntimeExecutor] Sent 1 requests, next in 0.10s (at t=1.8s)
[RuntimeExecutor] Sent 1 requests, next in 0.10s (at t=1.9s)
[RuntimeExecutor] Sent 1 requests, next in 0.10s (at t=2.0s)
[RuntimeExecutor] Sent 1 requests, next in 0.10s (at t=2.1s)
[RuntimeExecutor] Sent 1 requests, next in 0.10s (at t=2.2s)
[RuntimeExecutor] Sent 1 requests, next in 0.10s (at t=2.3s)
[RuntimeExecutor] Sent 1 requests, next in 0.10s (at t=2.4s)
[RuntimeExecutor] Sent 1 requests, next in 0.10s (at t=2.5s)
[RuntimeExecutor] Sent 1 requests, next in 0.10s (at t=2.6s)
[RuntimeExecutor] Sent 1 requests, next in 0.10s (at t=2.7s)
[RuntimeExecutor] Sent 1 requests, next in 0.10s (at t=2.8s)
[RuntimeExecutor] Sent 1 requests, next in 0.10s (at t=2.9s)
[RuntimeExecutor] Sent 1 requests, next in 0.10s (at t=3.0s)
[RuntimeExecutor] Sent 1 requests, next in 0.10s (at t=3.1s)
[RuntimeExecutor] Sent 1 requests, next in 0.10s (at t=3.2s)
[RuntimeExecutor] Sent 1 requests, next in 0.10s (at t=3.3s)
[RuntimeExecutor] Sent 1 requests, next in 0.10s (at t=3.4s)
[RuntimeExecutor] Sent 1 requests, next in 0.10s (at t=3.5s)
[RuntimeExecutor] Sent 1 requests, next in 0.10s (at t=3.6s)
[RuntimeExecutor] Sent 1 requests, next in 0.10s (at t=3.7s)
[RuntimeExecutor] Sent 1 requests, next in 0.10s (at t=3.8s)
[RuntimeExecutor] Sent 1 requests, next in 0.10s (at t=3.9s)
[RuntimeExecutor] Sent 1 requests, next in 0.10s (at t=4.0s)
[RuntimeExecutor] Sent 1 requests, next in 0.10s (at t=4.1s)
[RuntimeExecutor] Sent 1 requests, next in 0.10s (at t=4.2s)
[RuntimeExecutor] Sent 1 requests, next in 0.10s (at t=4.3s)
[RuntimeExecutor] Sent 1 requests, next in 0.10s (at t=4.4s)
[RuntimeExecutor] Sent 1 requests, next in 0.10s (at t=4.5s)
[RuntimeExecutor] Sent 1 requests, next in 0.10s (at t=4.6s)
[RuntimeExecutor] Sent 1 requests, next in 0.10s (at t=4.7s)
[RuntimeExecutor] Sent 1 requests, next in 0.10s (at t=4.8s)
[RuntimeExecutor] Sent 1 requests, next in 0.10s (at t=4.9s)
[RuntimeExecutor] Sent 1 requests, next in 0.10s (at t=5.0s)
[RuntimeExecutor] Sent 1 requests, next in 0.10s (at t=5.1s)
[RuntimeExecutor] Sent 1 requests, next in 0.10s (at t=5.2s)
[RuntimeExecutor] Sent 1 requests, next in 0.10s (at t=5.3s)
[RuntimeExecutor] Sent 1 requests, next in 0.10s (at t=5.4s)
[RuntimeExecutor] Sent 1 requests, next in 0.10s (at t=5.5s)
[RuntimeExecutor] Sent 1 requests, next in 0.10s (at t=5.6s)
[RuntimeExecutor] Sent 1 requests, next in 0.10s (at t=5.7s)
[RuntimeExecutor] Sent 1 requests, next in 0.10s (at t=5.8s)
[RuntimeExecutor] Sent 1 requests, next in 0.10s (at t=5.9s)
[RuntimeExecutor] Sent 1 requests, next in 0.10s (at t=6.0s)
[RuntimeExecutor] Sent 1 requests, next in 0.10s (at t=6.1s)
[RuntimeExecutor] Sent 1 requests, next in 0.10s (at t=6.2s)
[RuntimeExecutor] Sent 1 requests, next in 0.10s (at t=6.3s)
[RuntimeExecutor] Sent 1 requests, next in 0.10s (at t=6.4s)
[RuntimeExecutor] Sent 1 requests, next in 0.10s (at t=6.5s)
[RuntimeExecutor] Sent 1 requests, next in 0.10s (at t=6.6s)
[RuntimeExecutor] Sent 1 requests, next in 0.10s (at t=6.7s)
[RuntimeExecutor] Sent 1 requests, next in 0.10s (at t=6.8s)
[RuntimeExecutor] Sent 1 requests, next in 0.10s (at t=6.9s)
[RuntimeExecutor] Sent 1 requests, next in 0.10s (at t=7.0s)
[RuntimeExecutor] Sent 1 requests, next in 0.10s (at t=7.1s)
[RuntimeExecutor] Sent 1 requests, next in 0.10s (at t=7.2s)
[RuntimeExecutor] Sent 1 requests, next in 0.10s (at t=7.3s)
[RuntimeExecutor] Sent 1 requests, next in 0.10s (at t=7.4s)
[RuntimeExecutor] Sent 1 requests, next in 0.10s (at t=7.5s)
[RuntimeExecutor] Sent 1 requests, next in 0.10s (at t=7.6s)
[RuntimeExecutor] Sent 1 requests, next in 0.10s (at t=7.7s)
[RuntimeExecutor] Sent 1 requests, next in 0.10s (at t=7.8s)
[RuntimeExecutor] Sent 1 requests, next in 0.10s (at t=7.9s)
[RuntimeExecutor] Sent 1 requests, next in 0.10s (at t=8.0s)
[RuntimeExecutor] Sent 1 requests, next in 0.10s (at t=8.1s)
[RuntimeExecutor] Sent 1 requests, next in 0.10s (at t=8.2s)
[RuntimeExecutor] Sent 1 requests, next in 0.10s (at t=8.3s)
[RuntimeExecutor] Sent 1 requests, next in 0.10s (at t=8.4s)
[RuntimeExecutor] Sent 1 requests, next in 0.10s (at t=8.5s)
[RuntimeExecutor] Sent 1 requests, next in 0.10s (at t=8.6s)
[RuntimeExecutor] Sent 1 requests, next in 0.10s (at t=8.7s)
[RuntimeExecutor] Sent 1 requests, next in 0.10s (at t=8.8s)
[RuntimeExecutor] Sent 1 requests, next in 0.10s (at t=8.9s)
[RuntimeExecutor] Sent 1 requests, next in 0.10s (at t=9.0s)
[RuntimeExecutor] Sent 1 requests, next in 0.10s (at t=9.1s)
[MQTT] Received /add for site2
[RuntimeBuffer] Task 'gestureclass' marked as DEPLOYING (total deploying: 1)
[SiteManager] Starting background deployment for /add (deploying tasks: ['gestureclass'])...
[MQTT] Sent /add ACK for site2 (deployment running in background)10.100.20.53 
8010 10.100.20.53:8011
[RuntimeExecutor] Sent 1 requests, next in 0.10s (at t=9.2s)
[RuntimeExecutor] Sent 1 requests, next in 0.10s (at t=9.3s)
[RuntimeExecutor] Sent 1 requests, next in 0.10s (at t=9.4s)
[RuntimeExecutor] Sent 1 requests, next in 0.10s (at t=9.5s)
[RuntimeExecutor] Sent 1 requests, next in 0.10s (at t=9.6s)
[SSH] Launching on 10.100.20.53: bash -lc 'cd /project/pi_shenoy_umass_edu/hshastri/FMaaS-motivation/serving && module load conda/latest && export PYTHONPATH=/project/pi_shenoy_umass_edu/hshastri/FMTK/src:/project/pi_shenoy_umass_edu/hshastri/FMaaS-motivation:$PYTHONPATH && conda activate fmtk && export LD_LIBRARY_PATH=$LD_LIBRARY_PATH:$CONDA_PREFIX/lib && nohup python -u device/main.py --port 8010 > ./device/logs/10.100.20.53_momentlarge.log 2>&1 &'
[RuntimeExecutor] Sent 1 requests, next in 0.10s (at t=9.7s)
[RuntimeExecutor] Sent 1 requests, next in 0.10s (at t=9.8s)
[RuntimeExecutor] Sent 1 requests, next in 0.10s (at t=9.9s)
[RuntimeExecutor] Sent 1 requests, next in 0.10s (at t=10.0s)
[RuntimeExecutor] Poll #100: queue=500, processed=100
[RuntimeExecutor] Sent 1 requests, next in 0.10s (at t=10.1s)
[RuntimeExecutor] Sent 1 requests, next in 0.10s (at t=10.2s)
[RuntimeExecutor] Sent 1 requests, next in 0.10s (at t=10.3s)
[RuntimeExecutor] Sent 1 requests, next in 0.10s (at t=10.4s)
[RuntimeExecutor] Sent 1 requests, next in 0.10s (at t=10.5s)
[RuntimeExecutor] Sent 1 requests, next in 0.10s (at t=10.6s)
[RuntimeExecutor] Sent 1 requests, next in 0.10s (at t=10.7s)
[MQTT] Received request chunk for site2
[RuntimeBuffer] Stored 1000 runtime requests
[RuntimeBuffer] Retrieved 400 new request(s) (total=1000)
[RuntimeExecutor] Received 400 new request(s) at t=10.7s (poll #107)
[RuntimeExecutor] New requests span t=10.0s to t=60.0s
[RuntimeExecutor] Pending queue now has 893 requests
[RuntimeExecutor] Sent 1 requests, next in 0.03s (at t=10.8s)
[RuntimeExecutor] Deferred 8 request(s) — deployment in progress
[RuntimeExecutor] Deferred 1 request(s) — deployment in progress
[RuntimeExecutor] Deferred 1 request(s) — deployment in progress
[RuntimeExecutor] Sent 1 requests, next in 0.06s (at t=10.9s)
[RuntimeExecutor] Deferred 1 request(s) — deployment in progress
[RuntimeExecutor] Deferred 1 request(s) — deployment in progress
[RuntimeExecutor] Sent 1 requests, next in 0.08s (at t=11.0s)
[RuntimeExecutor] Deferred 1 request(s) — deployment in progress
[RuntimeExecutor] Deferred 2 request(s) — deployment in progress
[RuntimeExecutor] Sent 1 requests, next in 0.10s (at t=11.1s)
[RuntimeExecutor] Sent 1 requests, next in 0.01s (at t=11.1s)
[RuntimeExecutor] Deferred 3 request(s) — deployment in progress
[RuntimeExecutor] Sent 1 requests, next in 0.03s (at t=11.3s)
[RuntimeExecutor] Deferred 1 request(s) — deployment in progress
[RuntimeExecutor] Deferred 2 request(s) — deployment in progress
[RuntimeExecutor] Sent 1 requests, next in 0.06s (at t=11.4s)
[RuntimeExecutor] Deferred 1 request(s) — deployment in progress
[RuntimeExecutor] Deferred 2 request(s) — deployment in progress
[RuntimeExecutor] Sent 1 requests, next in 0.08s (at t=11.5s)
[RuntimeExecutor] Deferred 1 request(s) — deployment in progress
[RuntimeExecutor] Deferred 3 request(s) — deployment in progress
[RuntimeExecutor] Sent 1 requests, next in 0.10s (at t=11.6s)
[RuntimeExecutor] Sent 1 requests, next in 0.01s (at t=11.6s)
[RuntimeExecutor] Deferred 4 request(s) — deployment in progress
[RuntimeExecutor] Sent 1 requests, next in 0.03s (at t=11.8s)
[RuntimeExecutor] Deferred 1 request(s) — deployment in progress
[RuntimeExecutor] Deferred 3 request(s) — deployment in progress
[RuntimeExecutor] Sent 1 requests, next in 0.05s (at t=11.9s)
[RuntimeExecutor] Deferred 1 request(s) — deployment in progress
[RuntimeExecutor] Deferred 3 request(s) — deployment in progress
[RuntimeExecutor] Sent 1 requests, next in 0.08s (at t=12.0s)
[RuntimeExecutor] Deferred 1 request(s) — deployment in progress
[RuntimeExecutor] Deferred 4 request(s) — deployment in progress
[RuntimeExecutor] Sent 1 requests, next in 0.10s (at t=12.1s)
[RuntimeExecutor] Sent 1 requests, next in 0.00s (at t=12.1s)
[RuntimeExecutor] Deferred 5 request(s) — deployment in progress
[RuntimeExecutor] Sent 1 requests, next in 0.03s (at t=12.3s)
[RuntimeExecutor] Deferred 1 request(s) — deployment in progress
[RuntimeExecutor] Deferred 4 request(s) — deployment in progress
[RuntimeExecutor] Sent 1 requests, next in 0.05s (at t=12.4s)
[RuntimeExecutor] Deferred 1 request(s) — deployment in progress
[RuntimeExecutor] Deferred 4 request(s) — deployment in progress
[RuntimeExecutor] Sent 1 requests, next in 0.08s (at t=12.5s)
[RuntimeExecutor] Deferred 1 request(s) — deployment in progress
[RuntimeExecutor] Deferred 5 request(s) — deployment in progress
[RuntimeExecutor] Sent 1 requests, next in 0.10s (at t=12.6s)
[SSH] 10.100.20.53: detached.
[SiteManager] Connected to control plane at 10.100.20.53:8011
[RuntimeExecutor] Sent 1 requests, next in 0.00s (at t=12.6s)
[RuntimeExecutor] Deferred 6 request(s) — deployment in progress
[RuntimeExecutor] Sent 1 requests, next in 0.03s (at t=12.8s)
[RuntimeExecutor] Deferred 1 request(s) — deployment in progress
[RuntimeExecutor] Deferred 5 request(s) — deployment in progress
[RuntimeExecutor] Sent 1 requests, next in 0.05s (at t=12.9s)
[RuntimeExecutor] Deferred 1 request(s) — deployment in progress
[RuntimeExecutor] Deferred 5 request(s) — deployment in progress
[RuntimeExecutor] Sent 1 requests, next in 0.08s (at t=13.0s)
[RuntimeExecutor] Deferred 1 request(s) — deployment in progress
[RuntimeExecutor] Deferred 6 request(s) — deployment in progress
[RuntimeExecutor] Sent 1 requests, next in 0.10s (at t=13.1s)
[RuntimeExecutor] Sent 1 requests, next in 0.00s (at t=13.1s)
[RuntimeExecutor] Deferred 7 request(s) — deployment in progress
[RuntimeExecutor] Sent 1 requests, next in 0.03s (at t=13.3s)
[RuntimeExecutor] Deferred 2 request(s) — deployment in progress
[RuntimeExecutor] Deferred 5 request(s) — deployment in progress
[RuntimeExecutor] Sent 1 requests, next in 0.05s (at t=13.4s)
[RuntimeExecutor] Deferred 1 request(s) — deployment in progress
[RuntimeExecutor] Deferred 6 request(s) — deployment in progress
[RuntimeExecutor] Sent 1 requests, next in 0.08s (at t=13.5s)
[RuntimeExecutor] Deferred 1 request(s) — deployment in progress
[RuntimeExecutor] Deferred 7 request(s) — deployment in progress
[RuntimeExecutor] Sent 1 requests, next in 0.10s (at t=13.6s)
[RuntimeExecutor] Sent 1 requests, next in 0.00s (at t=13.6s)
[RuntimeExecutor] Deferred 8 request(s) — deployment in progress
[RuntimeExecutor] Sent 1 requests, next in 0.03s (at t=13.8s)
[RuntimeExecutor] Deferred 2 request(s) — deployment in progress
[RuntimeExecutor] Deferred 6 request(s) — deployment in progress
[RuntimeExecutor] Sent 1 requests, next in 0.05s (at t=13.9s)
[RuntimeExecutor] Deferred 1 request(s) — deployment in progress
[RuntimeExecutor] Deferred 7 request(s) — deployment in progress
[RuntimeExecutor] Sent 1 requests, next in 0.08s (at t=14.0s)
[RuntimeExecutor] Deferred 1 request(s) — deployment in progress
[RuntimeExecutor] Deferred 8 request(s) — deployment in progress
[RuntimeExecutor] Sent 1 requests, next in 0.10s (at t=14.1s)
[RuntimeExecutor] Sent 1 requests, next in 0.00s (at t=14.1s)
[RuntimeExecutor] Deferred 8 request(s) — deployment in progress
[RuntimeExecutor] Deferred 1 request(s) — deployment in progress
[RuntimeExecutor] Sent 1 requests, next in 0.03s (at t=14.3s)
[RuntimeExecutor] Deferred 1 request(s) — deployment in progress
[RuntimeExecutor] Deferred 8 request(s) — deployment in progress
[RuntimeExecutor] Sent 1 requests, next in 0.05s (at t=14.4s)
[RuntimeExecutor] Deferred 1 request(s) — deployment in progress
[RuntimeExecutor] Deferred 8 request(s) — deployment in progress
[RuntimeExecutor] Sent 1 requests, next in 0.08s (at t=14.5s)
[RuntimeExecutor] Deferred 1 request(s) — deployment in progress
[RuntimeExecutor] Poll #200: queue=855, processed=145
[RuntimeExecutor] Deferred 8 request(s) — deployment in progress
[RuntimeExecutor] Deferred 1 request(s) — deployment in progress
[RuntimeExecutor] Sent 1 requests, next in 0.09s (at t=14.6s)
[RuntimeExecutor] Sent 1 requests, next in 0.00s (at t=14.6s)
[RuntimeExecutor] Deferred 9 request(s) — deployment in progress
[RuntimeExecutor] Deferred 1 request(s) — deployment in progress
[RuntimeExecutor] Sent 1 requests, next in 0.03s (at t=14.8s)
[RuntimeExecutor] Deferred 1 request(s) — deployment in progress
[RuntimeExecutor] Deferred 8 request(s) — deployment in progress
[RuntimeExecutor] Deferred 1 request(s) — deployment in progress
[RuntimeExecutor] Sent 1 requests, next in 0.05s (at t=14.9s)
[RuntimeExecutor] Deferred 1 request(s) — deployment in progress
[RuntimeExecutor] Deferred 8 request(s) — deployment in progress
[RuntimeExecutor] Deferred 1 request(s) — deployment in progress
[RuntimeExecutor] Sent 1 requests, next in 0.07s (at t=15.0s)
[RuntimeExecutor] Deferred 1 request(s) — deployment in progress
[RuntimeExecutor] Deferred 8 request(s) — deployment in progress
[RuntimeExecutor] Deferred 2 request(s) — deployment in progress
[RuntimeExecutor] Sent 1 requests, next in 0.09s (at t=15.1s)
[RuntimeExecutor] Sent 1 requests, next in 0.00s (at t=15.1s)
[RuntimeExecutor] Deferred 1 request(s) — deployment in progress
[RuntimeExecutor] Deferred 9 request(s) — deployment in progress
[RuntimeExecutor] Deferred 1 request(s) — deployment in progress
[RuntimeExecutor] Sent 1 requests, next in 0.02s (at t=15.3s)
[RuntimeExecutor] Deferred 1 request(s) — deployment in progress
[RuntimeExecutor] Deferred 8 request(s) — deployment in progress
[RuntimeExecutor] Deferred 2 request(s) — deployment in progress
[RuntimeExecutor] Sent 1 requests, next in 0.05s (at t=15.4s)
[RuntimeExecutor] Deferred 2 request(s) — deployment in progress
[RuntimeExecutor] Deferred 8 request(s) — deployment in progress
[RuntimeExecutor] Deferred 1 request(s) — deployment in progress
[RuntimeExecutor] Sent 1 requests, next in 0.07s (at t=15.5s)
[RuntimeExecutor] Deferred 1 request(s) — deployment in progress
[RuntimeExecutor] Deferred 8 request(s) — deployment in progress
[RuntimeExecutor] Deferred 3 request(s) — deployment in progress
[RuntimeExecutor] Sent 1 requests, next in 0.09s (at t=15.6s)
[RuntimeExecutor] Deferred 1 request(s) — deployment in progress
[RuntimeExecutor] Sent 1 requests, next in 0.00s (at t=15.6s)
[RuntimeExecutor] Deferred 8 request(s) — deployment in progress
[RuntimeExecutor] Deferred 3 request(s) — deployment in progress
[RuntimeExecutor] Sent 1 requests, next in 0.02s (at t=15.8s)
[RuntimeExecutor] Deferred 1 request(s) — deployment in progress
[RuntimeExecutor] Deferred 8 request(s) — deployment in progress
[RuntimeExecutor] Deferred 3 request(s) — deployment in progress
[RuntimeExecutor] Sent 1 requests, next in 0.05s (at t=15.9s)
[RuntimeExecutor] Deferred 1 request(s) — deployment in progress
[RuntimeExecutor] Deferred 8 request(s) — deployment in progress
[RuntimeExecutor] Deferred 3 request(s) — deployment in progress
[RuntimeExecutor] Sent 1 requests, next in 0.07s (at t=16.0s)
[RuntimeExecutor] Deferred 2 request(s) — deployment in progress
[RuntimeExecutor] Deferred 9 request(s) — deployment in progress
[RuntimeExecutor] Deferred 2 request(s) — deployment in progress
[RuntimeExecutor] Sent 1 requests, next in 0.09s (at t=16.1s)
[RuntimeExecutor] Deferred 1 request(s) — deployment in progress
[RuntimeExecutor] Sent 1 requests, next in 0.00s (at t=16.1s)
[RuntimeExecutor] Deferred 8 request(s) — deployment in progress
[RuntimeExecutor] Deferred 4 request(s) — deployment in progress
[RuntimeExecutor] Sent 1 requests, next in 0.02s (at t=16.3s)
[RuntimeExecutor] Deferred 2 request(s) — deployment in progress
[RuntimeExecutor] Deferred 8 request(s) — deployment in progress
[RuntimeExecutor] Deferred 3 request(s) — deployment in progress
[RuntimeExecutor] Sent 1 requests, next in 0.05s (at t=16.4s)
[RuntimeExecutor] Deferred 1 request(s) — deployment in progress
[RuntimeExecutor] Deferred 8 request(s) — deployment in progress
[RuntimeExecutor] Deferred 4 request(s) — deployment in progress
[RuntimeExecutor] Sent 1 requests, next in 0.07s (at t=16.5s)
[RuntimeExecutor] Deferred 1 request(s) — deployment in progress
[RuntimeExecutor] Deferred 8 request(s) — deployment in progress
[RuntimeExecutor] Deferred 5 request(s) — deployment in progress
[RuntimeExecutor] Sent 1 requests, next in 0.09s (at t=16.6s)
[RuntimeExecutor] Deferred 1 request(s) — deployment in progress
[RuntimeExecutor] Sent 1 requests, next in 0.00s (at t=16.6s)
[RuntimeExecutor] Deferred 9 request(s) — deployment in progress
[RuntimeExecutor] Deferred 4 request(s) — deployment in progress
[RuntimeExecutor] Sent 1 requests, next in 0.02s (at t=16.8s)
[RuntimeExecutor] Deferred 1 request(s) — deployment in progress
[RuntimeExecutor] Deferred 8 request(s) — deployment in progress
[RuntimeExecutor] Deferred 5 request(s) — deployment in progress
[RuntimeExecutor] Sent 1 requests, next in 0.05s (at t=16.9s)
[RuntimeExecutor] Deferred 1 request(s) — deployment in progress
[RuntimeExecutor] Deferred 8 request(s) — deployment in progress
[RuntimeExecutor] Deferred 5 request(s) — deployment in progress
[RuntimeExecutor] Sent 1 requests, next in 0.07s (at t=17.0s)
[RuntimeExecutor] Deferred 1 request(s) — deployment in progress
[RuntimeExecutor] Deferred 8 request(s) — deployment in progress
[RuntimeExecutor] Deferred 6 request(s) — deployment in progress
[RuntimeExecutor] Sent 1 requests, next in 0.09s (at t=17.1s)
[RuntimeExecutor] Deferred 1 request(s) — deployment in progress
[RuntimeExecutor] Sent 1 requests, next in 0.00s (at t=17.1s)
[RuntimeExecutor] Deferred 8 request(s) — deployment in progress
[RuntimeExecutor] Deferred 6 request(s) — deployment in progress
[RuntimeExecutor] Sent 1 requests, next in 0.02s (at t=17.3s)
[RuntimeExecutor] Deferred 1 request(s) — deployment in progress
[RuntimeExecutor] Deferred 8 request(s) — deployment in progress
[RuntimeExecutor] Deferred 6 request(s) — deployment in progress
[RuntimeExecutor] Sent 1 requests, next in 0.05s (at t=17.4s)
[RuntimeExecutor] Deferred 1 request(s) — deployment in progress
[RuntimeExecutor] Deferred 8 request(s) — deployment in progress
[RuntimeExecutor] Deferred 6 request(s) — deployment in progress
[RuntimeExecutor] Sent 1 requests, next in 0.07s (at t=17.5s)
[RuntimeExecutor] Deferred 1 request(s) — deployment in progress
[RuntimeExecutor] Deferred 8 request(s) — deployment in progress
[RuntimeExecutor] Deferred 7 request(s) — deployment in progress
[RuntimeExecutor] Sent 1 requests, next in 0.09s (at t=17.6s)
[RuntimeExecutor] Deferred 1 request(s) — deployment in progress
[RuntimeExecutor] Poll #300: queue=824, processed=176
[RuntimeExecutor] Sent 1 requests, next in 0.02s (at t=17.7s)
[RuntimeExecutor] Deferred 15 request(s) — deployment in progress
[RuntimeExecutor] Sent 1 requests, next in 0.02s (at t=17.8s)
[RuntimeExecutor] Deferred 1 request(s) — deployment in progress
[RuntimeExecutor] Sent 2 requests, next in 0.06s (at t=18.0s)
[RuntimeExecutor] Deferred 31 request(s) — deployment in progress
[RuntimeExecutor] Deferred 1 request(s) — deployment in progress
[RuntimeExecutor] Deferred 8 request(s) — deployment in progress
[RuntimeExecutor] Deferred 8 request(s) — deployment in progress
[RuntimeExecutor] Sent 1 requests, next in 0.09s (at t=18.1s)
[RuntimeExecutor] Deferred 1 request(s) — deployment in progress
[RuntimeExecutor] Sent 1 requests, next in 0.00s (at t=18.1s)
[RuntimeExecutor] Deferred 8 request(s) — deployment in progress
[RuntimeExecutor] Deferred 8 request(s) — deployment in progress
[RuntimeExecutor] Sent 1 requests, next in 0.02s (at t=18.3s)
[RuntimeExecutor] Deferred 1 request(s) — deployment in progress
[RuntimeExecutor] Deferred 8 request(s) — deployment in progress
[RuntimeExecutor] Deferred 8 request(s) — deployment in progress
[RuntimeExecutor] Sent 1 requests, next in 0.04s (at t=18.4s)
[RuntimeExecutor] Deferred 1 request(s) — deployment in progress
[RuntimeExecutor] Deferred 8 request(s) — deployment in progress
[RuntimeExecutor] Deferred 8 request(s) — deployment in progress
[RuntimeExecutor] Sent 1 requests, next in 0.07s (at t=18.5s)
[RuntimeExecutor] Deferred 2 request(s) — deployment in progress
[RuntimeExecutor] Deferred 10 request(s) — deployment in progress
[RuntimeExecutor] Deferred 6 request(s) — deployment in progress
[RuntimeExecutor] Sent 1 requests, next in 0.09s (at t=18.6s)
[RuntimeExecutor] Deferred 1 request(s) — deployment in progress
[RuntimeExecutor] Sent 1 requests, next in 0.00s (at t=18.6s)
[RuntimeExecutor] Deferred 9 request(s) — deployment in progress
[RuntimeExecutor] Deferred 8 request(s) — deployment in progress
[RuntimeExecutor] Sent 1 requests, next in 0.02s (at t=18.8s)
[RuntimeExecutor] Deferred 1 request(s) — deployment in progress
[RuntimeExecutor] Deferred 8 request(s) — deployment in progress
[RuntimeExecutor] Deferred 8 request(s) — deployment in progress
[RuntimeExecutor] Deferred 1 request(s) — deployment in progress
[RuntimeExecutor] Sent 1 requests, next in 0.04s (at t=18.9s)
[RuntimeExecutor] Deferred 2 request(s) — deployment in progress
[RuntimeExecutor] Deferred 8 request(s) — deployment in progress
[RuntimeExecutor] Deferred 8 request(s) — deployment in progress
[RuntimeExecutor] Sent 1 requests, next in 0.07s (at t=19.0s)
[RuntimeExecutor] Deferred 1 request(s) — deployment in progress
[RuntimeExecutor] Deferred 8 request(s) — deployment in progress
[RuntimeExecutor] Deferred 8 request(s) — deployment in progress
[RuntimeExecutor] Deferred 2 request(s) — deployment in progress
[RuntimeExecutor] Sent 1 requests, next in 0.08s (at t=19.1s)
[RuntimeExecutor] Deferred 2 request(s) — deployment in progress
[RuntimeExecutor] Sent 1 requests, next in 0.00s (at t=19.1s)
[RuntimeExecutor] Deferred 8 request(s) — deployment in progress
[RuntimeExecutor] Deferred 9 request(s) — deployment in progress
[RuntimeExecutor] Sent 1 requests, next in 0.02s (at t=19.3s)
[RuntimeExecutor] Deferred 1 request(s) — deployment in progress
[RuntimeExecutor] Deferred 8 request(s) — deployment in progress
[RuntimeExecutor] Deferred 8 request(s) — deployment in progress
[RuntimeExecutor] Deferred 2 request(s) — deployment in progress
[RuntimeExecutor] Sent 1 requests, next in 0.04s (at t=19.4s)
[RuntimeExecutor] Deferred 1 request(s) — deployment in progress
[RuntimeExecutor] Deferred 8 request(s) — deployment in progress
[RuntimeExecutor] Deferred 8 request(s) — deployment in progress
[RuntimeExecutor] Deferred 2 request(s) — deployment in progress
[RuntimeExecutor] Sent 1 requests, next in 0.07s (at t=19.5s)
[RuntimeExecutor] Deferred 2 request(s) — deployment in progress
[RuntimeExecutor] Deferred 8 request(s) — deployment in progress
[RuntimeExecutor] Deferred 8 request(s) — deployment in progress
[RuntimeExecutor] Deferred 2 request(s) — deployment in progress
[RuntimeExecutor] Sent 1 requests, next in 0.08s (at t=19.6s)
[RuntimeExecutor] Deferred 1 request(s) — deployment in progress
[RuntimeExecutor] Sent 1 requests, next in 0.00s (at t=19.6s)
[RuntimeExecutor] Deferred 8 request(s) — deployment in progress
[RuntimeExecutor] Deferred 9 request(s) — deployment in progress
[RuntimeExecutor] Deferred 2 request(s) — deployment in progress
[RuntimeExecutor] Sent 1 requests, next in 0.02s (at t=19.8s)
[RuntimeExecutor] Deferred 1 request(s) — deployment in progress
[RuntimeExecutor] Deferred 8 request(s) — deployment in progress
[RuntimeExecutor] Deferred 8 request(s) — deployment in progress
[RuntimeExecutor] Deferred 3 request(s) — deployment in progress
[RuntimeExecutor] Sent 1 requests, next in 0.04s (at t=19.9s)
[RuntimeExecutor] Deferred 1 request(s) — deployment in progress
[RuntimeExecutor] Deferred 8 request(s) — deployment in progress
[RuntimeExecutor] Deferred 8 request(s) — deployment in progress
[RuntimeExecutor] Deferred 3 request(s) — deployment in progress
[RuntimeExecutor] Sent 1 requests, next in 0.07s (at t=20.0s)
[RuntimeExecutor] Deferred 2 request(s) — deployment in progress
[RuntimeExecutor] Deferred 9 request(s) — deployment in progress
[RuntimeExecutor] Deferred 8 request(s) — deployment in progress
[RuntimeExecutor] Deferred 2 request(s) — deployment in progress
[RuntimeExecutor] Sent 1 requests, next in 0.08s (at t=20.1s)
[RuntimeExecutor] Deferred 1 request(s) — deployment in progress
[RuntimeExecutor] Sent 1 requests, next in 0.00s (at t=20.1s)
[RuntimeExecutor] Deferred 8 request(s) — deployment in progress
[RuntimeExecutor] Deferred 9 request(s) — deployment in progress
[RuntimeExecutor] Deferred 3 request(s) — deployment in progress
[RuntimeExecutor] Sent 1 requests, next in 0.02s (at t=20.3s)
[RuntimeExecutor] Deferred 1 request(s) — deployment in progress
[RuntimeExecutor] Deferred 8 request(s) — deployment in progress
[RuntimeExecutor] Deferred 8 request(s) — deployment in progress
[RuntimeExecutor] Deferred 4 request(s) — deployment in progress
[RuntimeExecutor] Sent 1 requests, next in 0.04s (at t=20.4s)
[RuntimeExecutor] Deferred 1 request(s) — deployment in progress
[RuntimeExecutor] Deferred 8 request(s) — deployment in progress
[RuntimeExecutor] Deferred 9 request(s) — deployment in progress
[RuntimeExecutor] Deferred 3 request(s) — deployment in progress
[RuntimeExecutor] Sent 1 requests, next in 0.07s (at t=20.5s)
[RuntimeExecutor] Deferred 1 request(s) — deployment in progress
[RuntimeExecutor] Deferred 8 request(s) — deployment in progress
[RuntimeExecutor] Deferred 8 request(s) — deployment in progress
[RuntimeExecutor] Deferred 5 request(s) — deployment in progress
[RuntimeExecutor] Poll #400: queue=795, processed=205
[RuntimeExecutor] Sent 1 requests, next in 0.08s (at t=20.6s)
[RuntimeExecutor] Deferred 1 request(s) — deployment in progress
[RuntimeExecutor] Sent 1 requests, next in 0.00s (at t=20.6s)
[RuntimeExecutor] Deferred 8 request(s) — deployment in progress
[RuntimeExecutor] Deferred 9 request(s) — deployment in progress
[RuntimeExecutor] Deferred 4 request(s) — deployment in progress
[RuntimeExecutor] Sent 1 requests, next in 0.02s (at t=20.8s)
[RuntimeExecutor] Deferred 1 request(s) — deployment in progress
[RuntimeExecutor] Deferred 10 request(s) — deployment in progress
[RuntimeExecutor] Deferred 8 request(s) — deployment in progress
[RuntimeExecutor] Deferred 3 request(s) — deployment in progress
[RuntimeExecutor] Sent 1 requests, next in 0.04s (at t=20.9s)
[RuntimeExecutor] Deferred 1 request(s) — deployment in progress
[RuntimeExecutor] Deferred 8 request(s) — deployment in progress
[RuntimeExecutor] Deferred 9 request(s) — deployment in progress
[RuntimeExecutor] Deferred 4 request(s) — deployment in progress
[RuntimeExecutor] Sent 1 requests, next in 0.06s (at t=21.0s)
[RuntimeExecutor] Deferred 1 request(s) — deployment in progress
[RuntimeExecutor] Deferred 8 request(s) — deployment in progress
[RuntimeExecutor] Deferred 8 request(s) — deployment in progress
[RuntimeExecutor] Deferred 6 request(s) — deployment in progress
[RuntimeExecutor] Sent 1 requests, next in 0.08s (at t=21.1s)
[RuntimeExecutor] Deferred 2 request(s) — deployment in progress
[RuntimeExecutor] Sent 1 requests, next in 0.00s (at t=21.1s)
[RuntimeExecutor] Deferred 8 request(s) — deployment in progress
[RuntimeExecutor] Deferred 9 request(s) — deployment in progress
[RuntimeExecutor] Deferred 4 request(s) — deployment in progress
[RuntimeExecutor] Sent 1 requests, next in 0.01s (at t=21.3s)
[RuntimeExecutor] Deferred 1 request(s) — deployment in progress
[RuntimeExecutor] Deferred 8 request(s) — deployment in progress
[RuntimeExecutor] Deferred 8 request(s) — deployment in progress
[RuntimeExecutor] Deferred 6 request(s) — deployment in progress
[RuntimeExecutor] Sent 1 requests, next in 0.04s (at t=21.4s)
[RuntimeExecutor] Deferred 1 request(s) — deployment in progress
[RuntimeExecutor] Deferred 8 request(s) — deployment in progress
[RuntimeExecutor] Deferred 8 request(s) — deployment in progress
[RuntimeExecutor] Deferred 6 request(s) — deployment in progress
[RuntimeExecutor] Sent 1 requests, next in 0.06s (at t=21.5s)
[RuntimeExecutor] Deferred 1 request(s) — deployment in progress
[RuntimeExecutor] Deferred 8 request(s) — deployment in progress
[RuntimeExecutor] Deferred 8 request(s) — deployment in progress
[RuntimeExecutor] Deferred 7 request(s) — deployment in progress
[RuntimeExecutor] Sent 1 requests, next in 0.08s (at t=21.6s)
[RuntimeExecutor] Deferred 2 request(s) — deployment in progress
[RuntimeExecutor] Sent 1 requests, next in 0.00s (at t=21.6s)
[RuntimeExecutor] Deferred 8 request(s) — deployment in progress
[RuntimeExecutor] Deferred 9 request(s) — deployment in progress
[RuntimeExecutor] Deferred 5 request(s) — deployment in progress
[RuntimeExecutor] Sent 1 requests, next in 0.01s (at t=21.8s)
[RuntimeExecutor] Deferred 1 request(s) — deployment in progress
[RuntimeExecutor] Deferred 8 request(s) — deployment in progress
[RuntimeExecutor] Deferred 10 request(s) — deployment in progress
[RuntimeExecutor] Deferred 5 request(s) — deployment in progress
[RuntimeExecutor] Sent 1 requests, next in 0.04s (at t=21.9s)
[RuntimeExecutor] Deferred 1 request(s) — deployment in progress
[RuntimeExecutor] Deferred 8 request(s) — deployment in progress
[RuntimeExecutor] Deferred 8 request(s) — deployment in progress
[RuntimeExecutor] Deferred 7 request(s) — deployment in progress
[RuntimeExecutor] Sent 1 requests, next in 0.06s (at t=22.0s)
[RuntimeExecutor] Deferred 1 request(s) — deployment in progress
[RuntimeExecutor] Deferred 8 request(s) — deployment in progress
[RuntimeExecutor] Deferred 8 request(s) — deployment in progress
[RuntimeExecutor] Deferred 8 request(s) — deployment in progress
[RuntimeExecutor] Sent 1 requests, next in 0.08s (at t=22.1s)
[RuntimeExecutor] Deferred 1 request(s) — deployment in progress
[RuntimeExecutor] Deferred 8 request(s) — deployment in progress
[RuntimeExecutor] Sent 1 requests, next in 0.00s (at t=22.1s)
[RuntimeExecutor] Deferred 8 request(s) — deployment in progress
[RuntimeExecutor] Deferred 8 request(s) — deployment in progress
[RuntimeExecutor] Sent 1 requests, next in 0.01s (at t=22.3s)
[RuntimeExecutor] Deferred 2 request(s) — deployment in progress
[RuntimeExecutor] Deferred 9 request(s) — deployment in progress
[RuntimeExecutor] Deferred 8 request(s) — deployment in progress
[RuntimeExecutor] Deferred 6 request(s) — deployment in progress
[RuntimeExecutor] Sent 1 requests, next in 0.04s (at t=22.4s)
[RuntimeExecutor] Deferred 1 request(s) — deployment in progress
[RuntimeExecutor] Deferred 8 request(s) — deployment in progress
[RuntimeExecutor] Deferred 8 request(s) — deployment in progress
[RuntimeExecutor] Deferred 8 request(s) — deployment in progress
[RuntimeExecutor] Sent 1 requests, next in 0.06s (at t=22.5s)
[RuntimeExecutor] Deferred 1 request(s) — deployment in progress
[RuntimeExecutor] Deferred 8 request(s) — deployment in progress
[RuntimeExecutor] Deferred 8 request(s) — deployment in progress
[RuntimeExecutor] Deferred 9 request(s) — deployment in progress
[RuntimeExecutor] Sent 1 requests, next in 0.08s (at t=22.6s)
[RuntimeExecutor] Deferred 1 request(s) — deployment in progress
[RuntimeExecutor] Deferred 8 request(s) — deployment in progress
[RuntimeExecutor] Sent 1 requests, next in 0.00s (at t=22.6s)
[RuntimeExecutor] Deferred 8 request(s) — deployment in progress
[RuntimeExecutor] Deferred 9 request(s) — deployment in progress
[RuntimeExecutor] Sent 1 requests, next in 0.01s (at t=22.8s)
[RuntimeExecutor] Deferred 1 request(s) — deployment in progress
[RuntimeExecutor] Deferred 8 request(s) — deployment in progress
[RuntimeExecutor] Deferred 8 request(s) — deployment in progress
[RuntimeExecutor] Deferred 8 request(s) — deployment in progress
[RuntimeExecutor] Deferred 1 request(s) — deployment in progress
[RuntimeExecutor] Sent 1 requests, next in 0.04s (at t=22.9s)
[RuntimeExecutor] Deferred 1 request(s) — deployment in progress
[RuntimeExecutor] Deferred 9 request(s) — deployment in progress
[RuntimeExecutor] Deferred 8 request(s) — deployment in progress
[RuntimeExecutor] Deferred 8 request(s) — deployment in progress
[RuntimeExecutor] Sent 1 requests, next in 0.06s (at t=23.0s)
[RuntimeExecutor] Deferred 1 request(s) — deployment in progress
[RuntimeExecutor] Deferred 8 request(s) — deployment in progress
[RuntimeExecutor] Deferred 9 request(s) — deployment in progress
[RuntimeExecutor] Poll #500: queue=770, processed=230
[RuntimeExecutor] Deferred 8 request(s) — deployment in progress
[RuntimeExecutor] Sent 1 requests, next in 0.08s (at t=23.1s)
[RuntimeExecutor] Deferred 1 request(s) — deployment in progress
[RuntimeExecutor] Deferred 1 request(s) — deployment in progress
[RuntimeExecutor] Deferred 8 request(s) — deployment in progress
[RuntimeExecutor] Sent 1 requests, next in 0.00s (at t=23.1s)
[RuntimeExecutor] Deferred 8 request(s) — deployment in progress
[RuntimeExecutor] Deferred 9 request(s) — deployment in progress
[RuntimeExecutor] Deferred 1 request(s) — deployment in progress
[RuntimeExecutor] Sent 1 requests, next in 0.01s (at t=23.3s)
[RuntimeExecutor] Deferred 1 request(s) — deployment in progress
[RuntimeExecutor] Deferred 8 request(s) — deployment in progress
[RuntimeExecutor] Deferred 8 request(s) — deployment in progress
[RuntimeExecutor] Deferred 8 request(s) — deployment in progress
[RuntimeExecutor] Deferred 2 request(s) — deployment in progress
[RuntimeExecutor] Sent 1 requests, next in 0.04s (at t=23.4s)
[RuntimeExecutor] Deferred 1 request(s) — deployment in progress
[RuntimeExecutor] Deferred 8 request(s) — deployment in progress
[RuntimeExecutor] Deferred 8 request(s) — deployment in progress
[RuntimeExecutor] Deferred 9 request(s) — deployment in progress
[RuntimeExecutor] Deferred 1 request(s) — deployment in progress
[RuntimeExecutor] Sent 1 requests, next in 0.06s (at t=23.5s)
[RuntimeExecutor] Deferred 1 request(s) — deployment in progress
[RuntimeExecutor] Deferred 8 request(s) — deployment in progress
[RuntimeExecutor] Deferred 8 request(s) — deployment in progress
[RuntimeExecutor] Deferred 8 request(s) — deployment in progress
[RuntimeExecutor] Sent 1 requests, next in 0.08s (at t=23.6s)
[RuntimeExecutor] Deferred 3 request(s) — deployment in progress
[RuntimeExecutor] Deferred 1 request(s) — deployment in progress
[RuntimeExecutor] Deferred 8 request(s) — deployment in progress
[RuntimeExecutor] Sent 1 requests, next in 0.00s (at t=23.6s)
[RuntimeExecutor] Deferred 8 request(s) — deployment in progress
[RuntimeExecutor] Deferred 9 request(s) — deployment in progress
[RuntimeExecutor] Deferred 2 request(s) — deployment in progress
[RuntimeExecutor] Sent 1 requests, next in 0.01s (at t=23.8s)
[RuntimeExecutor] Deferred 1 request(s) — deployment in progress
[RuntimeExecutor] Deferred 9 request(s) — deployment in progress
[RuntimeExecutor] Deferred 8 request(s) — deployment in progress
[RuntimeExecutor] Deferred 8 request(s) — deployment in progress
[RuntimeExecutor] Deferred 2 request(s) — deployment in progress
[RuntimeExecutor] Sent 1 requests, next in 0.04s (at t=23.9s)
[RuntimeExecutor] Deferred 1 request(s) — deployment in progress
[RuntimeExecutor] Deferred 8 request(s) — deployment in progress
[RuntimeExecutor] Deferred 9 request(s) — deployment in progress
[RuntimeExecutor] Deferred 8 request(s) — deployment in progress
[RuntimeExecutor] Deferred 2 request(s) — deployment in progress
[RuntimeExecutor] Sent 1 requests, next in 0.06s (at t=24.0s)
[RuntimeExecutor] Deferred 1 request(s) — deployment in progress
[RuntimeExecutor] Deferred 8 request(s) — deployment in progress
[RuntimeExecutor] Deferred 9 request(s) — deployment in progress
[RuntimeExecutor] Deferred 8 request(s) — deployment in progress
[RuntimeExecutor] Sent 1 requests, next in 0.08s (at t=24.1s)
[RuntimeExecutor] Deferred 3 request(s) — deployment in progress
[RuntimeExecutor] Deferred 1 request(s) — deployment in progress
[RuntimeExecutor] Deferred 8 request(s) — deployment in progress
[RuntimeExecutor] Sent 1 requests, next in 0.00s (at t=24.1s)
[RuntimeExecutor] Deferred 9 request(s) — deployment in progress
[RuntimeExecutor] Deferred 8 request(s) — deployment in progress
[RuntimeExecutor] Deferred 3 request(s) — deployment in progress
[RuntimeExecutor] Sent 1 requests, next in 0.01s (at t=24.3s)
[RuntimeExecutor] Deferred 2 request(s) — deployment in progress
[RuntimeExecutor] Deferred 8 request(s) — deployment in progress
[RuntimeExecutor] Deferred 9 request(s) — deployment in progress
[RuntimeExecutor] Deferred 8 request(s) — deployment in progress
[RuntimeExecutor] Deferred 2 request(s) — deployment in progress
[RuntimeExecutor] Sent 1 requests, next in 0.03s (at t=24.4s)
[RuntimeExecutor] Deferred 2 request(s) — deployment in progress
[RuntimeExecutor] Deferred 8 request(s) — deployment in progress
[RuntimeExecutor] Deferred 8 request(s) — deployment in progress
[RuntimeExecutor] Deferred 8 request(s) — deployment in progress
[RuntimeExecutor] Deferred 3 request(s) — deployment in progress
[RuntimeExecutor] Sent 1 requests, next in 0.06s (at t=24.5s)
[RuntimeExecutor] Deferred 1 request(s) — deployment in progress
[RuntimeExecutor] Deferred 8 request(s) — deployment in progress
[RuntimeExecutor] Deferred 8 request(s) — deployment in progress
[RuntimeExecutor] Deferred 8 request(s) — deployment in progress
[RuntimeExecutor] Sent 1 requests, next in 0.08s (at t=24.6s)
[RuntimeExecutor] Deferred 5 request(s) — deployment in progress
[RuntimeExecutor] Deferred 1 request(s) — deployment in progress
[RuntimeExecutor] Deferred 8 request(s) — deployment in progress
[RuntimeExecutor] Sent 1 requests, next in 0.00s (at t=24.6s)
[RuntimeExecutor] Deferred 9 request(s) — deployment in progress
[RuntimeExecutor] Deferred 8 request(s) — deployment in progress
[RuntimeExecutor] Deferred 4 request(s) — deployment in progress
[RuntimeExecutor] Sent 1 requests, next in 0.01s (at t=24.8s)
[RuntimeExecutor] Deferred 4 request(s) — deployment in progress
[RuntimeExecutor] Deferred 8 request(s) — deployment in progress
[RuntimeExecutor] Deferred 8 request(s) — deployment in progress
[RuntimeExecutor] Deferred 8 request(s) — deployment in progress
[RuntimeExecutor] Deferred 2 request(s) — deployment in progress
[RuntimeExecutor] Sent 1 requests, next in 0.03s (at t=24.9s)
[RuntimeExecutor] Deferred 1 request(s) — deployment in progress
[RuntimeExecutor] Deferred 8 request(s) — deployment in progress
[RuntimeExecutor] Deferred 8 request(s) — deployment in progress
[RuntimeExecutor] Deferred 8 request(s) — deployment in progress
[RuntimeExecutor] Deferred 5 request(s) — deployment in progress
[RuntimeExecutor] Sent 1 requests, next in 0.06s (at t=25.0s)
[RuntimeExecutor] Deferred 1 request(s) — deployment in progress
[RuntimeExecutor] Deferred 8 request(s) — deployment in progress
[RuntimeExecutor] Deferred 8 request(s) — deployment in progress
[RuntimeExecutor] Deferred 9 request(s) — deployment in progress
[RuntimeExecutor] Deferred 5 request(s) — deployment in progress
[RuntimeExecutor] Sent 1 requests, next in 0.07s (at t=25.1s)
[RuntimeExecutor] Deferred 1 request(s) — deployment in progress
[RuntimeExecutor] Deferred 8 request(s) — deployment in progress
[RuntimeExecutor] Sent 1 requests, next in 0.00s (at t=25.1s)
[RuntimeExecutor] Deferred 8 request(s) — deployment in progress
[RuntimeExecutor] Deferred 9 request(s) — deployment in progress
[RuntimeExecutor] Deferred 5 request(s) — deployment in progress
[RuntimeExecutor] Poll #600: queue=748, processed=252
[RuntimeExecutor] Sent 1 requests, next in 0.01s (at t=25.3s)
[RuntimeExecutor] Deferred 3 request(s) — deployment in progress
[RuntimeExecutor] Deferred 8 request(s) — deployment in progress
[RuntimeExecutor] Deferred 8 request(s) — deployment in progress
[RuntimeExecutor] Deferred 8 request(s) — deployment in progress
[RuntimeExecutor] Deferred 4 request(s) — deployment in progress
[RuntimeExecutor] Sent 1 requests, next in 0.03s (at t=25.4s)
[RuntimeExecutor] Deferred 1 request(s) — deployment in progress
[RuntimeExecutor] Deferred 8 request(s) — deployment in progress
[RuntimeExecutor] Deferred 8 request(s) — deployment in progress
[RuntimeExecutor] Deferred 8 request(s) — deployment in progress
[RuntimeExecutor] Deferred 6 request(s) — deployment in progress
[RuntimeExecutor] Sent 1 requests, next in 0.06s (at t=25.5s)
[RuntimeExecutor] Deferred 1 request(s) — deployment in progress
[RuntimeExecutor] Deferred 8 request(s) — deployment in progress
[RuntimeExecutor] Deferred 9 request(s) — deployment in progress
[RuntimeExecutor] Deferred 8 request(s) — deployment in progress
[RuntimeExecutor] Deferred 6 request(s) — deployment in progress
[RuntimeExecutor] Sent 1 requests, next in 0.07s (at t=25.6s)
[RuntimeExecutor] Deferred 2 request(s) — deployment in progress
[RuntimeExecutor] Deferred 8 request(s) — deployment in progress
[RuntimeExecutor] Sent 1 requests, next in 0.00s (at t=25.6s)
[RuntimeExecutor] Deferred 8 request(s) — deployment in progress
[RuntimeExecutor] Deferred 9 request(s) — deployment in progress
[RuntimeExecutor] Deferred 5 request(s) — deployment in progress
[RuntimeExecutor] Sent 1 requests, next in 0.01s (at t=25.8s)
[RuntimeExecutor] Deferred 3 request(s) — deployment in progress
[RuntimeExecutor] Deferred 8 request(s) — deployment in progress
[RuntimeExecutor] Deferred 10 request(s) — deployment in progress
[RuntimeExecutor] Deferred 8 request(s) — deployment in progress
[RuntimeExecutor] Deferred 3 request(s) — deployment in progress
[RuntimeExecutor] Sent 1 requests, next in 0.03s (at t=25.9s)
[RuntimeExecutor] Deferred 2 request(s) — deployment in progress
[RuntimeExecutor] Deferred 8 request(s) — deployment in progress
[RuntimeExecutor] Deferred 8 request(s) — deployment in progress
[RuntimeExecutor] Deferred 8 request(s) — deployment in progress
[RuntimeExecutor] Deferred 6 request(s) — deployment in progress
[RuntimeExecutor] Sent 1 requests, next in 0.06s (at t=26.0s)
[RuntimeExecutor] Deferred 1 request(s) — deployment in progress
[RuntimeExecutor] Deferred 9 request(s) — deployment in progress
[RuntimeExecutor] Deferred 8 request(s) — deployment in progress
[RuntimeExecutor] Deferred 8 request(s) — deployment in progress
[RuntimeExecutor] Deferred 7 request(s) — deployment in progress
[RuntimeExecutor] Sent 1 requests, next in 0.07s (at t=26.1s)
[RuntimeExecutor] Deferred 2 request(s) — deployment in progress
[RuntimeExecutor] Deferred 8 request(s) — deployment in progress
[RuntimeExecutor] Sent 1 requests, next in 0.00s (at t=26.1s)
[RuntimeExecutor] Deferred 8 request(s) — deployment in progress
[RuntimeExecutor] Deferred 9 request(s) — deployment in progress
[RuntimeExecutor] Deferred 6 request(s) — deployment in progress
[RuntimeExecutor] Sent 1 requests, next in 0.01s (at t=26.3s)
[RuntimeExecutor] Deferred 4 request(s) — deployment in progress
[RuntimeExecutor] Deferred 9 request(s) — deployment in progress
[RuntimeExecutor] Deferred 9 request(s) — deployment in progress
[RuntimeExecutor] Deferred 8 request(s) — deployment in progress
[RuntimeExecutor] Deferred 3 request(s) — deployment in progress
[RuntimeExecutor] Sent 1 requests, next in 0.03s (at t=26.4s)
[RuntimeExecutor] Deferred 2 request(s) — deployment in progress
[RuntimeExecutor] Deferred 8 request(s) — deployment in progress
[RuntimeExecutor] Deferred 8 request(s) — deployment in progress
[RuntimeExecutor] Deferred 8 request(s) — deployment in progress
[RuntimeExecutor] Deferred 7 request(s) — deployment in progress
[RuntimeExecutor] Sent 1 requests, next in 0.05s (at t=26.5s)
[RuntimeExecutor] Deferred 1 request(s) — deployment in progress
[RuntimeExecutor] Deferred 8 request(s) — deployment in progress
[RuntimeExecutor] Deferred 8 request(s) — deployment in progress
[RuntimeExecutor] Deferred 9 request(s) — deployment in progress
[RuntimeExecutor] Deferred 8 request(s) — deployment in progress
[RuntimeExecutor] Sent 1 requests, next in 0.07s (at t=26.6s)
[RuntimeExecutor] Deferred 2 request(s) — deployment in progress
[RuntimeExecutor] Deferred 8 request(s) — deployment in progress
[RuntimeExecutor] Sent 1 requests, next in 0.00s (at t=26.6s)
[RuntimeExecutor] Deferred 8 request(s) — deployment in progress
[RuntimeExecutor] Deferred 9 request(s) — deployment in progress
[RuntimeExecutor] Deferred 7 request(s) — deployment in progress
[RuntimeExecutor] Sent 1 requests, next in 0.01s (at t=26.8s)
[RuntimeExecutor] Deferred 5 request(s) — deployment in progress
[RuntimeExecutor] Deferred 8 request(s) — deployment in progress
[RuntimeExecutor] Deferred 9 request(s) — deployment in progress
[RuntimeExecutor] Deferred 8 request(s) — deployment in progress
[RuntimeExecutor] Deferred 4 request(s) — deployment in progress
[RuntimeExecutor] Sent 1 requests, next in 0.03s (at t=26.9s)
[RuntimeExecutor] Deferred 1 request(s) — deployment in progress
[RuntimeExecutor] Deferred 8 request(s) — deployment in progress
[RuntimeExecutor] Deferred 8 request(s) — deployment in progress
[RuntimeExecutor] Deferred 9 request(s) — deployment in progress
[RuntimeExecutor] Deferred 8 request(s) — deployment in progress
[RuntimeExecutor] Sent 1 requests, next in 0.05s (at t=27.0s)
[RuntimeExecutor] Deferred 1 request(s) — deployment in progress
[RuntimeExecutor] Deferred 8 request(s) — deployment in progress
[RuntimeExecutor] Deferred 8 request(s) — deployment in progress
[RuntimeExecutor] Deferred 8 request(s) — deployment in progress
[RuntimeExecutor] Deferred 8 request(s) — deployment in progress
[RuntimeExecutor] Sent 1 requests, next in 0.07s (at t=27.1s)
[RuntimeExecutor] Deferred 2 request(s) — deployment in progress
[RuntimeExecutor] Deferred 2 request(s) — deployment in progress
[RuntimeExecutor] Deferred 8 request(s) — deployment in progress
[RuntimeExecutor] Sent 1 requests, next in 0.00s (at t=27.1s)
[RuntimeExecutor] Deferred 8 request(s) — deployment in progress
[RuntimeExecutor] Deferred 9 request(s) — deployment in progress
[RuntimeExecutor] Deferred 8 request(s) — deployment in progress
[RuntimeExecutor] Sent 1 requests, next in 0.00s (at t=27.3s)
[RuntimeExecutor] Deferred 6 request(s) — deployment in progress
[RuntimeExecutor] Deferred 8 request(s) — deployment in progress
[RuntimeExecutor] Deferred 9 request(s) — deployment in progress
[RuntimeExecutor] Poll #700: queue=727, processed=273
[RuntimeExecutor] Deferred 8 request(s) — deployment in progress
[RuntimeExecutor] Deferred 4 request(s) — deployment in progress
[RuntimeExecutor] Sent 1 requests, next in 0.03s (at t=27.4s)
[RuntimeExecutor] Deferred 2 request(s) — deployment in progress
[RuntimeExecutor] Deferred 8 request(s) — deployment in progress
[RuntimeExecutor] Deferred 8 request(s) — deployment in progress
[RuntimeExecutor] Deferred 8 request(s) — deployment in progress
[RuntimeExecutor] Deferred 9 request(s) — deployment in progress
[RuntimeExecutor] Sent 1 requests, next in 0.05s (at t=27.5s)
[RuntimeExecutor] Deferred 1 request(s) — deployment in progress
[RuntimeExecutor] Deferred 8 request(s) — deployment in progress
[RuntimeExecutor] Deferred 8 request(s) — deployment in progress
[RuntimeExecutor] Deferred 8 request(s) — deployment in progress
[RuntimeExecutor] Deferred 8 request(s) — deployment in progress
[RuntimeExecutor] Sent 1 requests, next in 0.07s (at t=27.6s)
[RuntimeExecutor] Deferred 3 request(s) — deployment in progress
[RuntimeExecutor] Deferred 2 request(s) — deployment in progress
[PyTriton] 10.100.20.53:8011 Status: loaded_momentlarge[RuntimeExecutor] Deferred 8 request(s) — deployment in progress

[SiteManager] Deployment complete for 1 devices.
[RuntimeBuffer] Appended 1 deployment(s). Total: 2
[RuntimeBuffer] Task 'gestureclass' marked as DEPLOYED (remaining deploying: 0)
[SiteManager] Updated deployment results: /project/pi_shenoy_umass_edu/hshastri/FMaaS-motivation/serving/experiments/runtime/results/clipper-ha/10/model_deployment_results.json
[SiteManager] Background deployment complete for /add
[RuntimeExecutor] Sent 10 requests, next in 0.00s (at t=27.6s)
[RuntimeExecutor] Sent 8 requests, next in 0.00s (at t=27.7s)
[RuntimeExecutor] Sent 9 requests, next in 0.08s (at t=27.7s)
Connected to gRPC server at 10.100.20.53:8010
Connected to gRPC server at 10.100.20.53:8010
Connected to gRPC server at 10.100.20.53:8010
Connected to gRPC server at 10.100.20.53:8010
Connected to gRPC server at 10.100.20.53:8010
Connected to gRPC server at 10.100.20.53:8010
Connected to gRPC server at 10.100.20.53:8010
Connected to gRPC server at 10.100.20.53:8010
Connected to gRPC server at 10.100.20.53:8010
Connected to gRPC server at 10.100.20.53:8010
Connected to gRPC server at 10.100.20.53:8010
Connected to gRPC server at 10.100.20.53:8010
Connected to gRPC server at 10.100.20.53:8010
Connected to gRPC server at 10.100.20.53:8010
Connected to gRPC server at 10.100.20.53:8010
Connected to gRPC server at 10.100.20.53:8010
Connected to gRPC server at 10.100.20.53:8010
[RuntimeExecutor] Sent 1 requests, next in 0.00s (at t=27.8s)
[RuntimeExecutor] Sent 7 requests, next in 0.00s (at t=27.8s)
[RuntimeExecutor] Sent 9 requests, next in 0.00s (at t=27.8s)
[RuntimeExecutor] Sent 9 requests, next in 0.00s (at t=27.8s)
[RuntimeExecutor] Sent 9 requests, next in 0.00s (at t=27.8s)
[RuntimeExecutor] Sent 2 requests, next in 0.04s (at t=27.8s)
[RuntimeExecutor] Sent 1 requests, next in 0.03s (at t=27.9s)
[RuntimeExecutor] Sent 1 requests, next in 0.00s (at t=27.9s)
[RuntimeExecutor] Sent 8 requests, next in 0.00s (at t=27.9s)
[RuntimeExecutor] Sent 9 requests, next in 0.00s (at t=27.9s)
[RuntimeExecutor] Sent 9 requests, next in 0.00s (at t=27.9s)
[RuntimeExecutor] Sent 9 requests, next in 0.03s (at t=27.9s)
[RuntimeExecutor] Sent 1 requests, next in 0.05s (at t=28.0s)
[RuntimeExecutor] Sent 1 requests, next in 0.00s (at t=28.0s)
[RuntimeExecutor] Sent 8 requests, next in 0.00s (at t=28.0s)
[RuntimeExecutor] Sent 10 requests, next in 0.00s (at t=28.0s)
[RuntimeExecutor] Sent 10 requests, next in 0.00s (at t=28.0s)
[RuntimeExecutor] Sent 9 requests, next in 0.08s (at t=28.1s)
[RuntimeExecutor] Sent 1 requests, next in 0.00s (at t=28.1s)
[RuntimeExecutor] Sent 8 requests, next in 0.00s (at t=28.1s)
[RuntimeExecutor] Sent 2 requests, next in 0.02s (at t=28.2s)
[RuntimeExecutor] Sent 1 requests, next in 0.08s (at t=28.2s)
[RuntimeExecutor] Sent 1 requests, next in 0.05s (at t=28.3s)
[RuntimeExecutor] Sent 1 requests, next in 0.05s (at t=28.3s)
[RuntimeExecutor] Sent 1 requests, next in 0.07s (at t=28.4s)
[RuntimeExecutor] Sent 1 requests, next in 0.03s (at t=28.4s)
[RuntimeExecutor] Sent 1 requests, next in 0.10s (at t=28.5s)
[RuntimeExecutor] Sent 2 requests, next in 0.10s (at t=28.6s)
[RuntimeExecutor] Sent 1 requests, next in 0.02s (at t=28.7s)
[RuntimeExecutor] Sent 1 requests, next in 0.08s (at t=28.7s)
[RuntimeExecutor] Sent 1 requests, next in 0.05s (at t=28.8s)
[RuntimeExecutor] Sent 1 requests, next in 0.05s (at t=28.8s)
[RuntimeExecutor] Sent 1 requests, next in 0.07s (at t=28.9s)
[RuntimeExecutor] Sent 1 requests, next in 0.03s (at t=28.9s)
[RuntimeExecutor] Sent 1 requests, next in 0.10s (at t=29.0s)
[RuntimeExecutor] Sent 2 requests, next in 0.10s (at t=29.1s)
[RuntimeExecutor] Sent 1 requests, next in 0.02s (at t=29.2s)
[RuntimeExecutor] Sent 1 requests, next in 0.08s (at t=29.2s)
[RuntimeExecutor] Sent 1 requests, next in 0.05s (at t=29.3s)
[RuntimeExecutor] Sent 1 requests, next in 0.05s (at t=29.3s)
[RuntimeExecutor] Sent 1 requests, next in 0.07s (at t=29.4s)
[RuntimeExecutor] Sent 1 requests, next in 0.02s (at t=29.4s)
[RuntimeExecutor] Sent 1 requests, next in 0.10s (at t=29.5s)
[RuntimeExecutor] Sent 2 requests, next in 0.10s (at t=29.6s)
[RuntimeExecutor] Sent 1 requests, next in 0.02s (at t=29.7s)
[RuntimeExecutor] Sent 1 requests, next in 0.07s (at t=29.7s)
[RuntimeExecutor] Sent 1 requests, next in 0.05s (at t=29.8s)
[RuntimeExecutor] Sent 1 requests, next in 0.05s (at t=29.8s)
[RuntimeExecutor] Sent 1 requests, next in 0.07s (at t=29.9s)
[RuntimeExecutor] Sent 1 requests, next in 0.02s (at t=29.9s)
[RuntimeExecutor] Sent 1 requests, next in 0.10s (at t=30.1s)
[RuntimeExecutor] Sent 2 requests, next in 0.10s (at t=30.2s)
[RuntimeExecutor] Sent 1 requests, next in 0.02s (at t=30.2s)
[RuntimeExecutor] Sent 1 requests, next in 0.07s (at t=30.3s)
[RuntimeExecutor] Sent 1 requests, next in 0.05s (at t=30.3s)
[RuntimeExecutor] Sent 1 requests, next in 0.05s (at t=30.4s)
[RuntimeExecutor] Sent 1 requests, next in 0.07s (at t=30.4s)
[RuntimeExecutor] Sent 1 requests, next in 0.02s (at t=30.5s)
[RuntimeExecutor] Sent 1 requests, next in 0.10s (at t=30.6s)
[RuntimeExecutor] Sent 2 requests, next in 0.10s (at t=30.7s)
[RuntimeExecutor] Sent 1 requests, next in 0.02s (at t=30.7s)
[RuntimeExecutor] Sent 1 requests, next in 0.07s (at t=30.8s)
[RuntimeExecutor] Sent 1 requests, next in 0.05s (at t=30.8s)
[RuntimeExecutor] Sent 1 requests, next in 0.05s (at t=30.9s)
[RuntimeExecutor] Sent 1 requests, next in 0.07s (at t=30.9s)
[RuntimeExecutor] Sent 1 requests, next in 0.02s (at t=31.0s)
[RuntimeExecutor] Sent 1 requests, next in 0.10s (at t=31.1s)
[RuntimeExecutor] Sent 1 requests, next in 0.00s (at t=31.1s)
[RuntimeExecutor] Sent 1 requests, next in 0.09s (at t=31.2s)
[RuntimeExecutor] Sent 1 requests, next in 0.02s (at t=31.2s)
[RuntimeExecutor] Sent 1 requests, next in 0.07s (at t=31.3s)
[RuntimeExecutor] Sent 1 requests, next in 0.05s (at t=31.3s)
[RuntimeExecutor] Sent 1 requests, next in 0.05s (at t=31.4s)
[RuntimeExecutor] Sent 1 requests, next in 0.08s (at t=31.4s)
[RuntimeExecutor] Sent 1 requests, next in 0.02s (at t=31.5s)
[RuntimeExecutor] Sent 1 requests, next in 0.10s (at t=31.6s)
[RuntimeExecutor] Sent 1 requests, next in 0.00s (at t=31.6s)
[RuntimeExecutor] Sent 1 requests, next in 0.09s (at t=31.7s)
[RuntimeExecutor] Sent 1 requests, next in 0.03s (at t=31.7s)
[RuntimeExecutor] Sent 1 requests, next in 0.07s (at t=31.8s)
[RuntimeExecutor] Poll #800: queue=509, processed=491
[RuntimeExecutor] Sent 1 requests, next in 0.05s (at t=31.8s)
[RuntimeExecutor] Sent 1 requests, next in 0.05s (at t=31.9s)
[RuntimeExecutor] Sent 1 requests, next in 0.08s (at t=31.9s)
[RuntimeExecutor] Sent 1 requests, next in 0.02s (at t=32.0s)
[RuntimeExecutor] Sent 1 requests, next in 0.10s (at t=32.1s)
[RuntimeExecutor] Sent 1 requests, next in 0.00s (at t=32.1s)
[RuntimeExecutor] Sent 1 requests, next in 0.09s (at t=32.2s)
[RuntimeExecutor] Sent 1 requests, next in 0.03s (at t=32.2s)
[RuntimeExecutor] Sent 1 requests, next in 0.07s (at t=32.3s)
[RuntimeExecutor] Sent 1 requests, next in 0.05s (at t=32.3s)
[RuntimeExecutor] Sent 1 requests, next in 0.05s (at t=32.4s)
[RuntimeExecutor] Sent 1 requests, next in 0.08s (at t=32.4s)
[RuntimeExecutor] Sent 1 requests, next in 0.02s (at t=32.5s)
[RuntimeExecutor] Sent 1 requests, next in 0.10s (at t=32.6s)
[RuntimeExecutor] Sent 1 requests, next in 0.00s (at t=32.6s)
[RuntimeExecutor] Sent 1 requests, next in 0.09s (at t=32.7s)
[RuntimeExecutor] Sent 1 requests, next in 0.03s (at t=32.7s)
[RuntimeExecutor] Sent 1 requests, next in 0.07s (at t=32.8s)
[RuntimeExecutor] Sent 1 requests, next in 0.05s (at t=32.8s)
[RuntimeExecutor] Sent 1 requests, next in 0.05s (at t=32.9s)
[RuntimeExecutor] Sent 1 requests, next in 0.08s (at t=32.9s)
[RuntimeExecutor] Sent 1 requests, next in 0.02s (at t=33.0s)
[RuntimeExecutor] Sent 1 requests, next in 0.10s (at t=33.1s)
[RuntimeExecutor] Sent 1 requests, next in 0.00s (at t=33.1s)
[RuntimeExecutor] Sent 1 requests, next in 0.09s (at t=33.2s)
[RuntimeExecutor] Sent 1 requests, next in 0.03s (at t=33.2s)
[RuntimeExecutor] Sent 1 requests, next in 0.07s (at t=33.3s)
[RuntimeExecutor] Sent 1 requests, next in 0.05s (at t=33.3s)
[RuntimeExecutor] Sent 1 requests, next in 0.05s (at t=33.4s)
[RuntimeExecutor] Sent 1 requests, next in 0.08s (at t=33.4s)
[RuntimeExecutor] Sent 1 requests, next in 0.02s (at t=33.5s)
[RuntimeExecutor] Sent 1 requests, next in 0.10s (at t=33.6s)
[RuntimeExecutor] Sent 1 requests, next in 0.00s (at t=33.6s)
[RuntimeExecutor] Sent 1 requests, next in 0.09s (at t=33.7s)
[RuntimeExecutor] Sent 1 requests, next in 0.03s (at t=33.7s)
[RuntimeExecutor] Sent 1 requests, next in 0.07s (at t=33.8s)
[RuntimeExecutor] Sent 1 requests, next in 0.05s (at t=33.8s)
[RuntimeExecutor] Sent 1 requests, next in 0.05s (at t=33.9s)
[RuntimeExecutor] Sent 1 requests, next in 0.08s (at t=33.9s)
[RuntimeExecutor] Sent 1 requests, next in 0.02s (at t=34.0s)
[RuntimeExecutor] Sent 1 requests, next in 0.10s (at t=34.1s)
[RuntimeExecutor] Sent 2 requests, next in 0.06s (at t=34.2s)
[RuntimeExecutor] Sent 2 requests, next in 0.06s (at t=34.3s)
[RuntimeExecutor] Sent 1 requests, next in 0.05s (at t=34.3s)
[RuntimeExecutor] Sent 1 requests, next in 0.04s (at t=34.4s)
[RuntimeExecutor] Sent 1 requests, next in 0.08s (at t=34.4s)
[RuntimeExecutor] Sent 2 requests, next in 0.06s (at t=34.6s)
[RuntimeExecutor] Sent 1 requests, next in 0.00s (at t=34.6s)
[RuntimeExecutor] Sent 1 requests, next in 0.09s (at t=34.7s)
[RuntimeExecutor] Sent 1 requests, next in 0.03s (at t=34.7s)
[RuntimeExecutor] Sent 1 requests, next in 0.07s (at t=34.8s)
[RuntimeExecutor] Sent 1 requests, next in 0.05s (at t=34.8s)
[RuntimeExecutor] Sent 1 requests, next in 0.05s (at t=34.9s)
[RuntimeExecutor] Sent 1 requests, next in 0.08s (at t=34.9s)
[RuntimeExecutor] Sent 1 requests, next in 0.02s (at t=35.0s)
[RuntimeExecutor] Sent 1 requests, next in 0.10s (at t=35.1s)
[RuntimeExecutor] Sent 1 requests, next in 0.00s (at t=35.1s)
[RuntimeExecutor] Sent 1 requests, next in 0.09s (at t=35.2s)
[RuntimeExecutor] Sent 1 requests, next in 0.03s (at t=35.2s)
[RuntimeExecutor] Sent 1 requests, next in 0.07s (at t=35.3s)
[RuntimeExecutor] Sent 1 requests, next in 0.05s (at t=35.3s)
[RuntimeExecutor] Sent 1 requests, next in 0.04s (at t=35.4s)
[RuntimeExecutor] Sent 1 requests, next in 0.08s (at t=35.4s)
[RuntimeExecutor] Sent 1 requests, next in 0.02s (at t=35.5s)
[RuntimeExecutor] Sent 1 requests, next in 0.10s (at t=35.6s)
[RuntimeExecutor] Sent 1 requests, next in 0.00s (at t=35.6s)
[RuntimeExecutor] Sent 1 requests, next in 0.09s (at t=35.7s)
[RuntimeExecutor] Sent 1 requests, next in 0.03s (at t=35.7s)
[RuntimeExecutor] Sent 1 requests, next in 0.07s (at t=35.8s)
[RuntimeExecutor] Sent 1 requests, next in 0.05s (at t=35.8s)
[RuntimeExecutor] Sent 1 requests, next in 0.04s (at t=35.9s)
[RuntimeExecutor] Sent 1 requests, next in 0.08s (at t=35.9s)
[RuntimeExecutor] Sent 1 requests, next in 0.02s (at t=36.0s)
[RuntimeExecutor] Sent 1 requests, next in 0.10s (at t=36.1s)
[RuntimeExecutor] Sent 1 requests, next in 0.00s (at t=36.1s)
[RuntimeExecutor] Sent 1 requests, next in 0.09s (at t=36.2s)
[RuntimeExecutor] Sent 1 requests, next in 0.03s (at t=36.2s)
[RuntimeExecutor] Sent 1 requests, next in 0.07s (at t=36.3s)
[RuntimeExecutor] Sent 1 requests, next in 0.05s (at t=36.3s)
[RuntimeExecutor] Sent 1 requests, next in 0.04s (at t=36.4s)
[RuntimeExecutor] Sent 1 requests, next in 0.08s (at t=36.4s)
[RuntimeExecutor] Sent 1 requests, next in 0.02s (at t=36.5s)
[RuntimeExecutor] Sent 1 requests, next in 0.10s (at t=36.6s)
[RuntimeExecutor] Sent 1 requests, next in 0.00s (at t=36.6s)
[RuntimeExecutor] Sent 1 requests, next in 0.09s (at t=36.7s)
[RuntimeExecutor] Sent 1 requests, next in 0.03s (at t=36.7s)
[RuntimeExecutor] Sent 1 requests, next in 0.07s (at t=36.8s)
[RuntimeExecutor] Sent 1 requests, next in 0.06s (at t=36.8s)
[RuntimeExecutor] Sent 1 requests, next in 0.04s (at t=36.9s)
[RuntimeExecutor] Sent 1 requests, next in 0.08s (at t=36.9s)
[RuntimeExecutor] Sent 1 requests, next in 0.02s (at t=37.0s)
[RuntimeExecutor] Sent 1 requests, next in 0.10s (at t=37.1s)
[RuntimeExecutor] Sent 1 requests, next in 0.00s (at t=37.1s)
[RuntimeExecutor] Sent 1 requests, next in 0.09s (at t=37.2s)
[RuntimeExecutor] Sent 1 requests, next in 0.03s (at t=37.2s)
[RuntimeExecutor] Sent 1 requests, next in 0.07s (at t=37.3s)
[RuntimeExecutor] Sent 1 requests, next in 0.06s (at t=37.3s)
[RuntimeExecutor] Sent 1 requests, next in 0.04s (at t=37.4s)
[RuntimeExecutor] Sent 1 requests, next in 0.08s (at t=37.4s)
[RuntimeExecutor] Sent 1 requests, next in 0.02s (at t=37.5s)
[RuntimeExecutor] Poll #900: queue=406, processed=594
[RuntimeExecutor] Sent 1 requests, next in 0.10s (at t=37.6s)
[RuntimeExecutor] Sent 1 requests, next in 0.01s (at t=37.6s)
[RuntimeExecutor] Sent 1 requests, next in 0.09s (at t=37.7s)
[RuntimeExecutor] Sent 1 requests, next in 0.03s (at t=37.7s)
[RuntimeExecutor] Sent 1 requests, next in 0.07s (at t=37.8s)
[RuntimeExecutor] Sent 1 requests, next in 0.06s (at t=37.8s)
[RuntimeExecutor] Sent 1 requests, next in 0.04s (at t=37.9s)
[RuntimeExecutor] Sent 1 requests, next in 0.08s (at t=37.9s)
[RuntimeExecutor] Sent 1 requests, next in 0.02s (at t=38.0s)
[RuntimeExecutor] Sent 1 requests, next in 0.10s (at t=38.1s)
[RuntimeExecutor] Sent 1 requests, next in 0.01s (at t=38.1s)
[RuntimeExecutor] Sent 1 requests, next in 0.09s (at t=38.2s)
[RuntimeExecutor] Sent 1 requests, next in 0.03s (at t=38.2s)
[RuntimeExecutor] Sent 1 requests, next in 0.07s (at t=38.3s)
[RuntimeExecutor] Sent 1 requests, next in 0.06s (at t=38.3s)
[RuntimeExecutor] Sent 1 requests, next in 0.04s (at t=38.4s)
[RuntimeExecutor] Sent 1 requests, next in 0.08s (at t=38.4s)
[RuntimeExecutor] Sent 1 requests, next in 0.02s (at t=38.5s)
[RuntimeExecutor] Sent 1 requests, next in 0.10s (at t=38.6s)
[RuntimeExecutor] Sent 1 requests, next in 0.01s (at t=38.6s)
[RuntimeExecutor] Sent 1 requests, next in 0.09s (at t=38.7s)
[RuntimeExecutor] Sent 1 requests, next in 0.03s (at t=38.7s)
[RuntimeExecutor] Sent 1 requests, next in 0.07s (at t=38.8s)
[RuntimeExecutor] Sent 1 requests, next in 0.06s (at t=38.8s)
[RuntimeExecutor] Sent 1 requests, next in 0.04s (at t=38.9s)
[RuntimeExecutor] Sent 1 requests, next in 0.08s (at t=38.9s)
[RuntimeExecutor] Sent 1 requests, next in 0.02s (at t=39.0s)
[RuntimeExecutor] Sent 1 requests, next in 0.10s (at t=39.1s)
[RuntimeExecutor] Sent 1 requests, next in 0.01s (at t=39.1s)
[RuntimeExecutor] Sent 1 requests, next in 0.09s (at t=39.2s)
[RuntimeExecutor] Sent 1 requests, next in 0.03s (at t=39.2s)
[RuntimeExecutor] Sent 1 requests, next in 0.07s (at t=39.3s)
[RuntimeExecutor] Sent 1 requests, next in 0.06s (at t=39.3s)
[RuntimeExecutor] Sent 1 requests, next in 0.04s (at t=39.4s)
[RuntimeExecutor] Sent 1 requests, next in 0.08s (at t=39.4s)
[RuntimeExecutor] Sent 1 requests, next in 0.02s (at t=39.5s)
[RuntimeExecutor] Sent 1 requests, next in 0.10s (at t=39.6s)
[RuntimeExecutor] Sent 1 requests, next in 0.01s (at t=39.6s)
[RuntimeExecutor] Sent 1 requests, next in 0.09s (at t=39.7s)
[RuntimeExecutor] Sent 1 requests, next in 0.03s (at t=39.7s)
[RuntimeExecutor] Sent 1 requests, next in 0.07s (at t=39.8s)
[RuntimeExecutor] Sent 1 requests, next in 0.06s (at t=39.8s)
[RuntimeExecutor] Sent 1 requests, next in 0.04s (at t=39.9s)
[RuntimeExecutor] Sent 1 requests, next in 0.08s (at t=39.9s)
[RuntimeExecutor] Sent 1 requests, next in 0.02s (at t=40.0s)
[RuntimeExecutor] Sent 1 requests, next in 0.10s (at t=40.1s)
[RuntimeExecutor] Sent 1 requests, next in 0.01s (at t=40.1s)
[RuntimeExecutor] Sent 1 requests, next in 0.09s (at t=40.2s)
[RuntimeExecutor] Sent 1 requests, next in 0.03s (at t=40.2s)
[RuntimeExecutor] Sent 1 requests, next in 0.07s (at t=40.3s)
[RuntimeExecutor] Sent 1 requests, next in 0.06s (at t=40.3s)
[RuntimeExecutor] Sent 1 requests, next in 0.04s (at t=40.4s)
[RuntimeExecutor] Sent 1 requests, next in 0.08s (at t=40.5s)
[RuntimeExecutor] Sent 1 requests, next in 0.01s (at t=40.5s)
[RuntimeExecutor] Sent 1 requests, next in 0.10s (at t=40.6s)
[RuntimeExecutor] Sent 1 requests, next in 0.01s (at t=40.6s)
[RuntimeExecutor] Sent 1 requests, next in 0.09s (at t=40.7s)
[RuntimeExecutor] Sent 1 requests, next in 0.03s (at t=40.7s)
[RuntimeExecutor] Sent 1 requests, next in 0.07s (at t=40.8s)
[RuntimeExecutor] Sent 1 requests, next in 0.06s (at t=40.8s)
[RuntimeExecutor] Sent 1 requests, next in 0.04s (at t=40.9s)
[RuntimeExecutor] Sent 1 requests, next in 0.08s (at t=41.0s)
[RuntimeExecutor] Sent 1 requests, next in 0.01s (at t=41.0s)
[RuntimeExecutor] Sent 1 requests, next in 0.10s (at t=41.1s)
[RuntimeExecutor] Sent 1 requests, next in 0.01s (at t=41.1s)
[RuntimeExecutor] Sent 1 requests, next in 0.09s (at t=41.2s)
[RuntimeExecutor] Sent 1 requests, next in 0.03s (at t=41.2s)
[RuntimeExecutor] Sent 1 requests, next in 0.06s (at t=41.3s)
[RuntimeExecutor] Sent 1 requests, next in 0.06s (at t=41.3s)
[RuntimeExecutor] Sent 1 requests, next in 0.04s (at t=41.4s)
[RuntimeExecutor] Sent 1 requests, next in 0.08s (at t=41.5s)
[RuntimeExecutor] Sent 1 requests, next in 0.01s (at t=41.5s)
[RuntimeExecutor] Sent 1 requests, next in 0.10s (at t=41.6s)
[RuntimeExecutor] Sent 1 requests, next in 0.01s (at t=41.6s)
[RuntimeExecutor] Sent 1 requests, next in 0.09s (at t=41.7s)
[RuntimeExecutor] Sent 1 requests, next in 0.03s (at t=41.7s)
[RuntimeExecutor] Sent 1 requests, next in 0.07s (at t=41.8s)
[RuntimeExecutor] Sent 1 requests, next in 0.06s (at t=41.8s)
[RuntimeExecutor] Sent 1 requests, next in 0.04s (at t=41.9s)
[RuntimeExecutor] Sent 1 requests, next in 0.08s (at t=42.0s)
[RuntimeExecutor] Sent 1 requests, next in 0.01s (at t=42.0s)
[RuntimeExecutor] Sent 1 requests, next in 0.10s (at t=42.1s)
[RuntimeExecutor] Sent 1 requests, next in 0.01s (at t=42.1s)
[RuntimeExecutor] Sent 1 requests, next in 0.09s (at t=42.2s)
[RuntimeExecutor] Sent 1 requests, next in 0.03s (at t=42.2s)
[RuntimeExecutor] Sent 1 requests, next in 0.06s (at t=42.3s)
[RuntimeExecutor] Sent 1 requests, next in 0.06s (at t=42.3s)
[RuntimeExecutor] Sent 1 requests, next in 0.04s (at t=42.4s)
[RuntimeExecutor] Sent 1 requests, next in 0.09s (at t=42.5s)
[RuntimeExecutor] Sent 1 requests, next in 0.01s (at t=42.5s)
[RuntimeExecutor] Sent 1 requests, next in 0.10s (at t=42.6s)
[RuntimeExecutor] Sent 1 requests, next in 0.01s (at t=42.6s)
[RuntimeExecutor] Sent 1 requests, next in 0.09s (at t=42.7s)
[RuntimeExecutor] Sent 1 requests, next in 0.04s (at t=42.7s)
[RuntimeExecutor] Sent 1 requests, next in 0.06s (at t=42.8s)
[RuntimeExecutor] Sent 1 requests, next in 0.06s (at t=42.8s)
[RuntimeExecutor] Sent 1 requests, next in 0.04s (at t=42.9s)
[RuntimeExecutor] Sent 1 requests, next in 0.09s (at t=43.0s)
[RuntimeExecutor] Sent 1 requests, next in 0.01s (at t=43.0s)
[RuntimeExecutor] Sent 1 requests, next in 0.10s (at t=43.1s)
[RuntimeExecutor] Poll #1000: queue=306, processed=694
[RuntimeExecutor] Sent 1 requests, next in 0.01s (at t=43.1s)
[RuntimeExecutor] Sent 1 requests, next in 0.09s (at t=43.2s)
[RuntimeExecutor] Sent 1 requests, next in 0.04s (at t=43.2s)
[RuntimeExecutor] Sent 1 requests, next in 0.06s (at t=43.3s)
[RuntimeExecutor] Sent 1 requests, next in 0.06s (at t=43.3s)
[RuntimeExecutor] Sent 1 requests, next in 0.04s (at t=43.4s)
[RuntimeExecutor] Sent 1 requests, next in 0.09s (at t=43.5s)
[RuntimeExecutor] Sent 1 requests, next in 0.01s (at t=43.5s)
[RuntimeExecutor] Sent 1 requests, next in 0.10s (at t=43.6s)
[RuntimeExecutor] Sent 1 requests, next in 0.01s (at t=43.6s)
[RuntimeExecutor] Sent 1 requests, next in 0.09s (at t=43.7s)
[RuntimeExecutor] Sent 1 requests, next in 0.04s (at t=43.7s)
[RuntimeExecutor] Sent 1 requests, next in 0.06s (at t=43.8s)
[RuntimeExecutor] Sent 1 requests, next in 0.06s (at t=43.8s)
[RuntimeExecutor] Sent 1 requests, next in 0.04s (at t=43.9s)
[RuntimeExecutor] Sent 1 requests, next in 0.09s (at t=44.0s)
[RuntimeExecutor] Sent 1 requests, next in 0.01s (at t=44.0s)
[RuntimeExecutor] Sent 1 requests, next in 0.10s (at t=44.1s)
[RuntimeExecutor] Sent 1 requests, next in 0.01s (at t=44.1s)
[RuntimeExecutor] Sent 1 requests, next in 0.09s (at t=44.2s)
[RuntimeExecutor] Sent 1 requests, next in 0.04s (at t=44.2s)
[RuntimeExecutor] Sent 1 requests, next in 0.06s (at t=44.3s)
[RuntimeExecutor] Sent 1 requests, next in 0.06s (at t=44.3s)
[RuntimeExecutor] Sent 1 requests, next in 0.04s (at t=44.4s)
[RuntimeExecutor] Sent 1 requests, next in 0.09s (at t=44.5s)
[RuntimeExecutor] Sent 1 requests, next in 0.01s (at t=44.5s)
[RuntimeExecutor] Sent 1 requests, next in 0.10s (at t=44.6s)
[RuntimeExecutor] Sent 1 requests, next in 0.01s (at t=44.6s)
[RuntimeExecutor] Sent 1 requests, next in 0.09s (at t=44.7s)
[RuntimeExecutor] Sent 1 requests, next in 0.04s (at t=44.7s)
[RuntimeExecutor] Sent 1 requests, next in 0.06s (at t=44.8s)
[RuntimeExecutor] Sent 1 requests, next in 0.06s (at t=44.8s)
[RuntimeExecutor] Sent 1 requests, next in 0.04s (at t=44.9s)
[RuntimeExecutor] Sent 1 requests, next in 0.09s (at t=45.0s)
[RuntimeExecutor] Sent 1 requests, next in 0.01s (at t=45.0s)
[RuntimeExecutor] Sent 1 requests, next in 0.10s (at t=45.1s)
[RuntimeExecutor] Sent 1 requests, next in 0.01s (at t=45.1s)
[RuntimeExecutor] Sent 1 requests, next in 0.09s (at t=45.2s)
[RuntimeExecutor] Sent 1 requests, next in 0.04s (at t=45.2s)
[RuntimeExecutor] Sent 1 requests, next in 0.06s (at t=45.3s)
[RuntimeExecutor] Sent 1 requests, next in 0.06s (at t=45.3s)
[RuntimeExecutor] Sent 1 requests, next in 0.04s (at t=45.4s)
[RuntimeExecutor] Sent 1 requests, next in 0.09s (at t=45.5s)
[RuntimeExecutor] Sent 1 requests, next in 0.01s (at t=45.5s)
[RuntimeExecutor] Sent 1 requests, next in 0.10s (at t=45.6s)
[RuntimeExecutor] Sent 1 requests, next in 0.01s (at t=45.6s)
[RuntimeExecutor] Sent 1 requests, next in 0.09s (at t=45.7s)
[RuntimeExecutor] Sent 1 requests, next in 0.04s (at t=45.7s)
[RuntimeExecutor] Sent 1 requests, next in 0.06s (at t=45.8s)
[RuntimeExecutor] Sent 1 requests, next in 0.06s (at t=45.8s)
[RuntimeExecutor] Sent 1 requests, next in 0.04s (at t=45.9s)
[RuntimeExecutor] Sent 1 requests, next in 0.09s (at t=46.0s)
[RuntimeExecutor] Sent 1 requests, next in 0.01s (at t=46.0s)
[RuntimeExecutor] Sent 1 requests, next in 0.10s (at t=46.1s)
[RuntimeExecutor] Sent 1 requests, next in 0.01s (at t=46.1s)
[RuntimeExecutor] Sent 1 requests, next in 0.09s (at t=46.2s)
[RuntimeExecutor] Sent 1 requests, next in 0.04s (at t=46.2s)
[RuntimeExecutor] Sent 1 requests, next in 0.06s (at t=46.3s)
[RuntimeExecutor] Sent 1 requests, next in 0.06s (at t=46.3s)
[RuntimeExecutor] Sent 1 requests, next in 0.04s (at t=46.4s)
[RuntimeExecutor] Sent 1 requests, next in 0.09s (at t=46.5s)
[RuntimeExecutor] Sent 1 requests, next in 0.01s (at t=46.5s)
[RuntimeExecutor] Sent 1 requests, next in 0.10s (at t=46.6s)
[RuntimeExecutor] Sent 1 requests, next in 0.01s (at t=46.6s)
[RuntimeExecutor] Sent 1 requests, next in 0.09s (at t=46.7s)
[RuntimeExecutor] Sent 1 requests, next in 0.04s (at t=46.7s)
[RuntimeExecutor] Sent 1 requests, next in 0.06s (at t=46.8s)
[RuntimeExecutor] Sent 1 requests, next in 0.06s (at t=46.8s)
[RuntimeExecutor] Sent 1 requests, next in 0.04s (at t=46.9s)
[RuntimeExecutor] Sent 1 requests, next in 0.09s (at t=47.0s)
[RuntimeExecutor] Sent 1 requests, next in 0.01s (at t=47.0s)
[RuntimeExecutor] Sent 1 requests, next in 0.10s (at t=47.1s)
[RuntimeExecutor] Sent 1 requests, next in 0.01s (at t=47.1s)
[RuntimeExecutor] Sent 1 requests, next in 0.09s (at t=47.2s)
[RuntimeExecutor] Sent 1 requests, next in 0.04s (at t=47.2s)
[RuntimeExecutor] Sent 1 requests, next in 0.06s (at t=47.3s)
[RuntimeExecutor] Sent 1 requests, next in 0.06s (at t=47.3s)
[RuntimeExecutor] Sent 1 requests, next in 0.03s (at t=47.4s)
[RuntimeExecutor] Sent 1 requests, next in 0.09s (at t=47.5s)
[RuntimeExecutor] Sent 1 requests, next in 0.01s (at t=47.5s)
[RuntimeExecutor] Sent 1 requests, next in 0.10s (at t=47.6s)
[RuntimeExecutor] Sent 1 requests, next in 0.01s (at t=47.6s)
[RuntimeExecutor] Sent 1 requests, next in 0.08s (at t=47.7s)
[RuntimeExecutor] Sent 1 requests, next in 0.04s (at t=47.7s)
[RuntimeExecutor] Sent 1 requests, next in 0.06s (at t=47.8s)
[RuntimeExecutor] Sent 1 requests, next in 0.06s (at t=47.8s)
[RuntimeExecutor] Sent 1 requests, next in 0.03s (at t=47.9s)
[RuntimeExecutor] Sent 1 requests, next in 0.09s (at t=48.0s)
[RuntimeExecutor] Sent 1 requests, next in 0.01s (at t=48.0s)
[RuntimeExecutor] Sent 1 requests, next in 0.10s (at t=48.1s)
[RuntimeExecutor] Sent 1 requests, next in 0.01s (at t=48.1s)
[RuntimeExecutor] Sent 1 requests, next in 0.08s (at t=48.2s)
[RuntimeExecutor] Sent 1 requests, next in 0.04s (at t=48.2s)
[RuntimeExecutor] Sent 1 requests, next in 0.06s (at t=48.3s)
[RuntimeExecutor] Sent 1 requests, next in 0.06s (at t=48.3s)
[RuntimeExecutor] Sent 1 requests, next in 0.03s (at t=48.4s)
[RuntimeExecutor] Sent 1 requests, next in 0.09s (at t=48.5s)
[RuntimeExecutor] Sent 1 requests, next in 0.01s (at t=48.5s)
[RuntimeExecutor] Sent 1 requests, next in 0.10s (at t=48.6s)
[RuntimeExecutor] Sent 1 requests, next in 0.01s (at t=48.6s)
[RuntimeExecutor] Poll #1100: queue=206, processed=794
[RuntimeExecutor] Sent 1 requests, next in 0.08s (at t=48.7s)
[RuntimeExecutor] Sent 1 requests, next in 0.04s (at t=48.7s)
[RuntimeExecutor] Sent 1 requests, next in 0.06s (at t=48.8s)
[RuntimeExecutor] Sent 1 requests, next in 0.07s (at t=48.8s)
[RuntimeExecutor] Sent 1 requests, next in 0.03s (at t=48.9s)
[RuntimeExecutor] Sent 1 requests, next in 0.09s (at t=49.0s)
[RuntimeExecutor] Sent 1 requests, next in 0.01s (at t=49.0s)
[RuntimeExecutor] Sent 1 requests, next in 0.10s (at t=49.1s)
[RuntimeExecutor] Sent 1 requests, next in 0.01s (at t=49.1s)
[RuntimeExecutor] Sent 1 requests, next in 0.08s (at t=49.2s)
[RuntimeExecutor] Sent 1 requests, next in 0.04s (at t=49.2s)
[RuntimeExecutor] Sent 1 requests, next in 0.06s (at t=49.3s)
[RuntimeExecutor] Sent 1 requests, next in 0.06s (at t=49.3s)
[RuntimeExecutor] Sent 1 requests, next in 0.03s (at t=49.4s)
[RuntimeExecutor] Sent 1 requests, next in 0.09s (at t=49.5s)
[RuntimeExecutor] Sent 1 requests, next in 0.01s (at t=49.5s)
[RuntimeExecutor] Sent 1 requests, next in 0.10s (at t=49.6s)
[RuntimeExecutor] Sent 1 requests, next in 0.01s (at t=49.6s)
[RuntimeExecutor] Sent 1 requests, next in 0.08s (at t=49.7s)
[RuntimeExecutor] Sent 1 requests, next in 0.04s (at t=49.7s)
[RuntimeExecutor] Sent 1 requests, next in 0.06s (at t=49.8s)
[RuntimeExecutor] Sent 1 requests, next in 0.07s (at t=49.8s)
[RuntimeExecutor] Sent 1 requests, next in 0.03s (at t=49.9s)
[RuntimeExecutor] Sent 1 requests, next in 0.09s (at t=50.0s)
[RuntimeExecutor] Sent 1 requests, next in 0.01s (at t=50.0s)
[RuntimeExecutor] Sent 1 requests, next in 0.10s (at t=50.1s)
[RuntimeExecutor] Sent 1 requests, next in 0.02s (at t=50.1s)
[RuntimeExecutor] Sent 1 requests, next in 0.08s (at t=50.2s)
[RuntimeExecutor] Sent 1 requests, next in 0.04s (at t=50.2s)
[RuntimeExecutor] Sent 1 requests, next in 0.06s (at t=50.3s)
[RuntimeExecutor] Sent 1 requests, next in 0.07s (at t=50.4s)
[RuntimeExecutor] Sent 1 requests, next in 0.03s (at t=50.4s)
[RuntimeExecutor] Sent 1 requests, next in 0.09s (at t=50.5s)
[RuntimeExecutor] Sent 1 requests, next in 0.01s (at t=50.5s)
[RuntimeExecutor] Sent 1 requests, next in 0.10s (at t=50.6s)
[RuntimeExecutor] Sent 1 requests, next in 0.02s (at t=50.6s)
[RuntimeExecutor] Sent 1 requests, next in 0.08s (at t=50.7s)
[RuntimeExecutor] Sent 1 requests, next in 0.04s (at t=50.7s)
[RuntimeExecutor] Sent 1 requests, next in 0.06s (at t=50.8s)
[RuntimeExecutor] Sent 1 requests, next in 0.07s (at t=50.9s)
[RuntimeExecutor] Sent 1 requests, next in 0.03s (at t=50.9s)
[RuntimeExecutor] Sent 1 requests, next in 0.09s (at t=51.0s)
[RuntimeExecutor] Sent 1 requests, next in 0.01s (at t=51.0s)
[RuntimeExecutor] Sent 1 requests, next in 0.10s (at t=51.1s)
[RuntimeExecutor] Sent 1 requests, next in 0.02s (at t=51.1s)
[RuntimeExecutor] Sent 1 requests, next in 0.08s (at t=51.2s)
[RuntimeExecutor] Sent 1 requests, next in 0.04s (at t=51.2s)
[RuntimeExecutor] Sent 1 requests, next in 0.06s (at t=51.3s)
[RuntimeExecutor] Sent 1 requests, next in 0.07s (at t=51.4s)
[RuntimeExecutor] Sent 1 requests, next in 0.03s (at t=51.4s)
[RuntimeExecutor] Sent 1 requests, next in 0.09s (at t=51.5s)
[RuntimeExecutor] Sent 1 requests, next in 0.01s (at t=51.5s)
[RuntimeExecutor] Sent 1 requests, next in 0.10s (at t=51.6s)
[RuntimeExecutor] Sent 1 requests, next in 0.02s (at t=51.6s)
[RuntimeExecutor] Sent 1 requests, next in 0.08s (at t=51.7s)
[RuntimeExecutor] Sent 1 requests, next in 0.04s (at t=51.7s)
[RuntimeExecutor] Sent 1 requests, next in 0.06s (at t=51.8s)
[RuntimeExecutor] Sent 1 requests, next in 0.07s (at t=51.9s)
[RuntimeExecutor] Sent 1 requests, next in 0.03s (at t=51.9s)
[RuntimeExecutor] Sent 1 requests, next in 0.09s (at t=52.0s)
[RuntimeExecutor] Sent 1 requests, next in 0.01s (at t=52.0s)
[RuntimeExecutor] Sent 1 requests, next in 0.10s (at t=52.1s)
[RuntimeExecutor] Sent 1 requests, next in 0.02s (at t=52.1s)
[RuntimeExecutor] Sent 1 requests, next in 0.08s (at t=52.2s)
[RuntimeExecutor] Sent 1 requests, next in 0.04s (at t=52.2s)
[RuntimeExecutor] Sent 1 requests, next in 0.06s (at t=52.3s)
[RuntimeExecutor] Sent 1 requests, next in 0.07s (at t=52.4s)
[RuntimeExecutor] Sent 1 requests, next in 0.03s (at t=52.4s)
[RuntimeExecutor] Sent 1 requests, next in 0.09s (at t=52.5s)
[RuntimeExecutor] Sent 1 requests, next in 0.01s (at t=52.5s)
[RuntimeExecutor] Sent 1 requests, next in 0.09s (at t=52.6s)
[RuntimeExecutor] Sent 1 requests, next in 0.02s (at t=52.6s)
[RuntimeExecutor] Sent 1 requests, next in 0.08s (at t=52.7s)
[RuntimeExecutor] Sent 1 requests, next in 0.04s (at t=52.7s)
[RuntimeExecutor] Sent 1 requests, next in 0.06s (at t=52.8s)
[RuntimeExecutor] Sent 1 requests, next in 0.07s (at t=52.9s)
[RuntimeExecutor] Sent 1 requests, next in 0.03s (at t=52.9s)
[RuntimeExecutor] Sent 1 requests, next in 0.09s (at t=53.0s)
[RuntimeExecutor] Sent 1 requests, next in 0.00s (at t=53.0s)
[RuntimeExecutor] Sent 1 requests, next in 0.09s (at t=53.1s)
[RuntimeExecutor] Sent 1 requests, next in 0.02s (at t=53.1s)
[RuntimeExecutor] Sent 1 requests, next in 0.08s (at t=53.2s)
[RuntimeExecutor] Sent 1 requests, next in 0.04s (at t=53.2s)
[RuntimeExecutor] Sent 1 requests, next in 0.05s (at t=53.3s)
[RuntimeExecutor] Sent 1 requests, next in 0.07s (at t=53.4s)
[RuntimeExecutor] Sent 1 requests, next in 0.03s (at t=53.4s)
[RuntimeExecutor] Sent 1 requests, next in 0.09s (at t=53.5s)
[RuntimeExecutor] Sent 1 requests, next in 0.00s (at t=53.5s)
[RuntimeExecutor] Sent 1 requests, next in 0.09s (at t=53.6s)
[RuntimeExecutor] Sent 1 requests, next in 0.02s (at t=53.6s)
[RuntimeExecutor] Sent 1 requests, next in 0.08s (at t=53.7s)
[RuntimeExecutor] Sent 1 requests, next in 0.04s (at t=53.7s)
[RuntimeExecutor] Sent 1 requests, next in 0.05s (at t=53.8s)
[RuntimeExecutor] Sent 1 requests, next in 0.07s (at t=53.9s)
[RuntimeExecutor] Sent 1 requests, next in 0.03s (at t=53.9s)
[RuntimeExecutor] Sent 1 requests, next in 0.09s (at t=54.0s)
[RuntimeExecutor] Sent 1 requests, next in 0.00s (at t=54.0s)
[RuntimeExecutor] Sent 1 requests, next in 0.09s (at t=54.1s)
[RuntimeExecutor] Sent 1 requests, next in 0.02s (at t=54.1s)
[RuntimeExecutor] Sent 1 requests, next in 0.08s (at t=54.2s)
[RuntimeExecutor] Poll #1200: queue=106, processed=894
[RuntimeExecutor] Sent 1 requests, next in 0.05s (at t=54.2s)
[RuntimeExecutor] Sent 1 requests, next in 0.05s (at t=54.3s)
[RuntimeExecutor] Sent 1 requests, next in 0.07s (at t=54.4s)
[RuntimeExecutor] Sent 1 requests, next in 0.03s (at t=54.4s)
[RuntimeExecutor] Sent 1 requests, next in 0.09s (at t=54.5s)
[RuntimeExecutor] Sent 1 requests, next in 0.00s (at t=54.5s)
[RuntimeExecutor] Sent 1 requests, next in 0.09s (at t=54.6s)
[RuntimeExecutor] Sent 1 requests, next in 0.02s (at t=54.6s)
[RuntimeExecutor] Sent 1 requests, next in 0.08s (at t=54.7s)
[RuntimeExecutor] Sent 1 requests, next in 0.05s (at t=54.7s)
[RuntimeExecutor] Sent 1 requests, next in 0.05s (at t=54.8s)
[RuntimeExecutor] Sent 1 requests, next in 0.07s (at t=54.9s)
[RuntimeExecutor] Sent 1 requests, next in 0.03s (at t=54.9s)
[RuntimeExecutor] Sent 1 requests, next in 0.10s (at t=55.0s)
[RuntimeExecutor] Sent 1 requests, next in 0.00s (at t=55.0s)
[RuntimeExecutor] Sent 1 requests, next in 0.09s (at t=55.1s)
[RuntimeExecutor] Sent 1 requests, next in 0.02s (at t=55.1s)
[RuntimeExecutor] Sent 1 requests, next in 0.08s (at t=55.2s)
[RuntimeExecutor] Sent 1 requests, next in 0.05s (at t=55.2s)
[RuntimeExecutor] Sent 1 requests, next in 0.05s (at t=55.3s)
[RuntimeExecutor] Sent 1 requests, next in 0.07s (at t=55.4s)
[RuntimeExecutor] Sent 1 requests, next in 0.03s (at t=55.4s)
[RuntimeExecutor] Sent 1 requests, next in 0.10s (at t=55.5s)
[RuntimeExecutor] Sent 1 requests, next in 0.00s (at t=55.5s)
[RuntimeExecutor] Sent 1 requests, next in 0.09s (at t=55.6s)
[RuntimeExecutor] Sent 1 requests, next in 0.02s (at t=55.6s)
[RuntimeExecutor] Sent 1 requests, next in 0.08s (at t=55.7s)
[RuntimeExecutor] Sent 1 requests, next in 0.05s (at t=55.7s)
[RuntimeExecutor] Sent 1 requests, next in 0.05s (at t=55.8s)
[RuntimeExecutor] Sent 1 requests, next in 0.07s (at t=55.9s)
[RuntimeExecutor] Sent 1 requests, next in 0.03s (at t=55.9s)
[RuntimeExecutor] Sent 1 requests, next in 0.10s (at t=56.0s)
[RuntimeExecutor] Sent 1 requests, next in 0.00s (at t=56.0s)
[RuntimeExecutor] Sent 1 requests, next in 0.09s (at t=56.1s)
[RuntimeExecutor] Sent 1 requests, next in 0.02s (at t=56.1s)
[RuntimeExecutor] Sent 1 requests, next in 0.08s (at t=56.2s)
[RuntimeExecutor] Sent 1 requests, next in 0.05s (at t=56.2s)
[RuntimeExecutor] Sent 1 requests, next in 0.05s (at t=56.3s)
[RuntimeExecutor] Sent 1 requests, next in 0.07s (at t=56.4s)
[RuntimeExecutor] Sent 1 requests, next in 0.03s (at t=56.4s)
[RuntimeExecutor] Sent 1 requests, next in 0.10s (at t=56.5s)
[RuntimeExecutor] Sent 1 requests, next in 0.00s (at t=56.5s)
[RuntimeExecutor] Sent 1 requests, next in 0.09s (at t=56.6s)
[RuntimeExecutor] Sent 1 requests, next in 0.02s (at t=56.6s)
[RuntimeExecutor] Sent 1 requests, next in 0.08s (at t=56.7s)
[RuntimeExecutor] Sent 1 requests, next in 0.05s (at t=56.7s)
[RuntimeExecutor] Sent 1 requests, next in 0.05s (at t=56.8s)
[RuntimeExecutor] Sent 1 requests, next in 0.07s (at t=56.9s)
[RuntimeExecutor] Sent 1 requests, next in 0.03s (at t=56.9s)
[RuntimeExecutor] Sent 1 requests, next in 0.10s (at t=57.0s)
[RuntimeExecutor] Sent 1 requests, next in 0.00s (at t=57.0s)
[RuntimeExecutor] Sent 1 requests, next in 0.09s (at t=57.1s)
[RuntimeExecutor] Sent 1 requests, next in 0.02s (at t=57.1s)
[RuntimeExecutor] Sent 1 requests, next in 0.08s (at t=57.2s)
[RuntimeExecutor] Sent 1 requests, next in 0.05s (at t=57.2s)
[RuntimeExecutor] Sent 1 requests, next in 0.05s (at t=57.3s)
[RuntimeExecutor] Sent 1 requests, next in 0.07s (at t=57.4s)
[RuntimeExecutor] Sent 1 requests, next in 0.03s (at t=57.4s)
[RuntimeExecutor] Sent 1 requests, next in 0.10s (at t=57.5s)
[RuntimeExecutor] Sent 1 requests, next in 0.00s (at t=57.5s)
[RuntimeExecutor] Sent 1 requests, next in 0.09s (at t=57.6s)
[RuntimeExecutor] Sent 1 requests, next in 0.02s (at t=57.6s)
[RuntimeExecutor] Sent 1 requests, next in 0.08s (at t=57.7s)
[RuntimeExecutor] Sent 1 requests, next in 0.05s (at t=57.7s)
[RuntimeExecutor] Sent 1 requests, next in 0.05s (at t=57.8s)
[RuntimeExecutor] Sent 1 requests, next in 0.07s (at t=57.9s)
[RuntimeExecutor] Sent 1 requests, next in 0.03s (at t=57.9s)
[RuntimeExecutor] Sent 1 requests, next in 0.10s (at t=58.0s)
[RuntimeExecutor] Sent 1 requests, next in 0.00s (at t=58.0s)
[RuntimeExecutor] Sent 1 requests, next in 0.09s (at t=58.1s)
[RuntimeExecutor] Sent 1 requests, next in 0.02s (at t=58.1s)
[RuntimeExecutor] Sent 1 requests, next in 0.08s (at t=58.2s)
[RuntimeExecutor] Sent 1 requests, next in 0.05s (at t=58.2s)
[RuntimeExecutor] Sent 1 requests, next in 0.05s (at t=58.3s)
[RuntimeExecutor] Sent 1 requests, next in 0.07s (at t=58.4s)
[RuntimeExecutor] Sent 1 requests, next in 0.03s (at t=58.4s)
[RuntimeExecutor] Sent 1 requests, next in 0.10s (at t=58.5s)
[RuntimeExecutor] Sent 1 requests, next in 0.00s (at t=58.5s)
[RuntimeExecutor] Sent 1 requests, next in 0.09s (at t=58.6s)
[RuntimeExecutor] Sent 1 requests, next in 0.02s (at t=58.6s)
[RuntimeExecutor] Sent 1 requests, next in 0.08s (at t=58.7s)
[RuntimeExecutor] Sent 1 requests, next in 0.05s (at t=58.7s)
[RuntimeExecutor] Sent 1 requests, next in 0.05s (at t=58.8s)
[RuntimeExecutor] Sent 1 requests, next in 0.07s (at t=58.9s)
[RuntimeExecutor] Sent 1 requests, next in 0.03s (at t=58.9s)
[RuntimeExecutor] Sent 1 requests, next in 0.10s (at t=59.0s)
[RuntimeExecutor] Sent 2 requests, next in 0.10s (at t=59.1s)
[RuntimeExecutor] Sent 1 requests, next in 0.02s (at t=59.1s)
[RuntimeExecutor] Sent 1 requests, next in 0.08s (at t=59.2s)
[RuntimeExecutor] Sent 1 requests, next in 0.05s (at t=59.2s)
[RuntimeExecutor] Sent 1 requests, next in 0.05s (at t=59.3s)
[RuntimeExecutor] Sent 1 requests, next in 0.07s (at t=59.4s)
[RuntimeExecutor] Sent 1 requests, next in 0.02s (at t=59.4s)
[RuntimeExecutor] Sent 1 requests, next in 0.10s (at t=59.5s)
[RuntimeExecutor] Sent 2 requests, next in 0.10s (at t=59.6s)
[RuntimeExecutor] Sent 1 requests, next in 0.02s (at t=59.6s)
[RuntimeExecutor] Sent 1 requests, next in 0.07s (at t=59.7s)
[RuntimeExecutor] Sent 1 requests, next in 0.05s (at t=59.7s)
[RuntimeExecutor] Sent 1 requests, next in 0.05s (at t=59.8s)
[RuntimeExecutor] Sent 1 requests, next in 0.07s (at t=59.9s)
[RuntimeExecutor] Poll #1300: queue=4, processed=996
[RuntimeExecutor] Sent 1 requests, next in 0.02s (at t=59.9s)
[RuntimeExecutor] Sent 1 requests, next in 0.10s (at t=60.0s)
[RuntimeExecutor] No new requests for 49.3s and queue empty, completing...
[RuntimeExecutor] Waiting for 1000 pending requests to complete...
[SiteManager] Saved latency results to /project/pi_shenoy_umass_edu/hshastri/FMaaS-motivation/serving/experiments/runtime/results/clipper-ha/10/request_latency_results.csv (1000 entries)
[MQTT] Sent runtime ACK for site2
[MQTT] Cleanup signal received for site2
[SSH] Killed Triton on 10.100.20.53:8000 (exit=0)
[SSH] Killed Triton on 10.100.20.53:8010 (exit=0)
[SiteManager] Shutdown complete for 2 device server(s).
[MQTT] Sent cleanup ACK for site2
